Log file open, 12/10/17 20:38:29
LogInit:Display: Running engine for game: DraGone
LogPlatformFile: Not using cached read wrapper
LogInit:Display: RandInit(-919649044) SRandInit(-919649044).
LogTaskGraph: Started task graph with 5 named threads and 8 total threads with 1 sets of task threads.
LogStats: Stats thread started at 0.077292
LogInit: Using libcurl 7.47.1
LogInit:  - built for x86_64-pc-win32
LogInit:  - supports SSL with OpenSSL/1.0.2g
LogInit:  - supports HTTP deflate (compression) using libz 1.2.8
LogInit:  - other features:
LogInit:      CURL_VERSION_SSL
LogInit:      CURL_VERSION_LIBZ
LogInit:      CURL_VERSION_IPV6
LogInit:      CURL_VERSION_ASYNCHDNS
LogInit:      CURL_VERSION_LARGEFILE
LogInit:      CURL_VERSION_IDN
LogInit:  CurlRequestOptions (configurable via config and command line):
LogInit:  - bVerifyPeer = false  - Libcurl will NOT verify peer certificate
LogInit:  - bUseHttpProxy = false  - Libcurl will NOT use HTTP proxy
LogInit:  - bDontReuseConnections = false  - Libcurl will reuse connections
LogInit:  - CertBundlePath = nullptr  - Libcurl will use whatever was configured at build time.
LogInit: Build: ++UE4+Release-4.16-CL-3561208
LogInit: Engine Version: 4.16.3-3561208+++UE4+Release-4.16
LogInit: Compatible Engine Version: 4.16.0-3452394+++UE4+Release-4.16
LogInit: Net CL: 3452394
LogDevObjectVersion: Number of dev versions registered: 16
LogDevObjectVersion:   Dev-Blueprints (B0D832E4-1F89-4F0D-ACCF-7EB736FD4AA2): 9
LogDevObjectVersion:   Dev-Build (E1C64328-A22C-4D53-A36C-8E866417BD8C): 0
LogDevObjectVersion:   Dev-Core (375EC13C-06E4-48FB-B500-84F0262A717E): 2
LogDevObjectVersion:   Dev-Editor (E4B068ED-F494-42E9-A231-DA0B2E46BB41): 17
LogDevObjectVersion:   Dev-Framework (CFFC743F-43B0-4480-9391-14DF171D2073): 23
LogDevObjectVersion:   Dev-Mobile (B02B49B5-BB20-44E9-A304-32B752E40360): 0
LogDevObjectVersion:   Dev-Networking (A4E4105C-59A1-49B5-A7C5-40C4547EDFEE): 0
LogDevObjectVersion:   Dev-Online (39C831C9-5AE6-47DC-9A44-9C173E1C8E7C): 0
LogDevObjectVersion:   Dev-Physics (78F01B33-EBEA-4F98-B9B4-84EACCB95AA2): 0
LogDevObjectVersion:   Dev-Platform (6631380F-2D4D-43E0-8009-CF276956A95A): 0
LogDevObjectVersion:   Dev-Rendering (12F88B9F-8875-4AFC-A67C-D90C383ABD29): 15
LogDevObjectVersion:   Dev-Sequencer (7B5AE74C-D270-4C10-A958-57980B212A5A): 4
LogDevObjectVersion:   Dev-VR (D7296918-1DD6-4BDD-9DE2-64A83CC13884): 0
LogDevObjectVersion:   Dev-LoadTimes (C2A15278-BFE7-4AFE-6C17-90FF531DF755): 1
LogDevObjectVersion:   Private-Geometry (6EACA3D4-40EC-4CC1-B786-8BED09428FC5): 1
LogDevObjectVersion:   Dev-AnimPhys (29E575DD-E0A3-4627-9D10-D276232CDCEA): 3
LogInit: Compiled (64-bit): Jul 28 2017 11:49:47
LogInit: Compiled with Visual C++: 19.00.24215.01
LogInit: Build Configuration: Development
LogInit: Branch Name: ++UE4+Release-4.16
LogInit: Command line: -EpicPortal 
LogInit: Base directory: D:/Epic Games/UE_4.16/Engine/Binaries/Win64/
LogInit: Installed Engine Build: 1
LogInit: Presizing for max 8388607 objects, including 0 objects not considered by GC, pre-allocating 0 bytes for permanent pool.
LogInit: Object subsystem initialized
[2017.12.10-19.38.30:137][  0]LogInit: Selected Device Profile: [Windows]
[2017.12.10-19.38.30:137][  0]LogInit: Applying CVar settings loaded from the selected device profile: [Windows]
[2017.12.10-19.38.30:206][  0]LogInit: Computer: DESKTOP-QBF2AMA
[2017.12.10-19.38.30:206][  0]LogInit: User: JosepRojasCapell
[2017.12.10-19.38.30:206][  0]LogInit: CPU Page size=4096, Cores=4
[2017.12.10-19.38.30:206][  0]LogInit: High frequency timer resolution =3.914069 MHz
[2017.12.10-19.38.30:206][  0]LogMemory: Memory total: Physical=31.9GB (32GB approx)
[2017.12.10-19.38.30:206][  0]LogMemory: Platform Memory Stats for Windows
[2017.12.10-19.38.30:206][  0]LogMemory: Process Physical Memory: 273.14 MB used, 273.14 MB peak
[2017.12.10-19.38.30:206][  0]LogMemory: Process Virtual Memory: 260.85 MB used, 260.85 MB peak
[2017.12.10-19.38.30:206][  0]LogMemory: Physical Memory: 5892.81 MB used,  26777.99 MB free, 32670.80 MB total
[2017.12.10-19.38.30:206][  0]LogMemory: Virtual Memory: 638.32 MB used,  26777.99 MB free, 134217728.00 MB total
[2017.12.10-19.38.30:240][  0]LogInit: Using OS detected language (ca-ES).
[2017.12.10-19.38.30:240][  0]LogInit: Using OS detected locale (ca-ES).
[2017.12.10-19.38.30:242][  0]LogTextLocalizationManager: No localization for 'ca-ES' exists, so 'en' will be used for the language.
[2017.12.10-19.38.30:242][  0]LogTextLocalizationManager: No localization for 'ca-ES' exists, so 'en' will be used for the locale.
[2017.12.10-19.38.30:901][  0]LogD3D11RHI: D3D11 adapters:
[2017.12.10-19.38.30:952][  0]LogD3D11RHI:    0. 'NVIDIA GeForce GTX 1070' (Feature Level 11_0)
[2017.12.10-19.38.30:952][  0]LogD3D11RHI:       8096/0/16335 MB DedicatedVideo/DedicatedSystem/SharedSystem, Outputs:1, VendorId:0x10de
[2017.12.10-19.38.30:953][  0]LogD3D11RHI:    1. 'Microsoft Basic Render Driver' (Feature Level 11_0)
[2017.12.10-19.38.30:953][  0]LogD3D11RHI:       0/0/16335 MB DedicatedVideo/DedicatedSystem/SharedSystem, Outputs:0, VendorId:0x1414
[2017.12.10-19.38.30:953][  0]LogD3D11RHI: Chosen D3D11 Adapter: 0
[2017.12.10-19.38.30:957][  0]LogD3D11RHI: Creating new Direct3DDevice
[2017.12.10-19.38.30:957][  0]LogD3D11RHI:     GPU DeviceId: 0x1b81 (for the marketing name, search the web for "GPU Device Id")
[2017.12.10-19.38.30:957][  0]LogWindows: EnumDisplayDevices:
[2017.12.10-19.38.30:957][  0]LogWindows:    0. 'NVIDIA GeForce GTX 1070' (P:1 D:1)
[2017.12.10-19.38.30:957][  0]LogWindows:    1. 'NVIDIA GeForce GTX 1070' (P:0 D:0)
[2017.12.10-19.38.30:957][  0]LogWindows:    2. 'NVIDIA GeForce GTX 1070' (P:0 D:0)
[2017.12.10-19.38.30:957][  0]LogWindows:    3. 'NVIDIA GeForce GTX 1070' (P:0 D:0)
[2017.12.10-19.38.30:957][  0]LogWindows: DebugString: FoundDriverCount:4 
[2017.12.10-19.38.30:957][  0]LogD3D11RHI:     Adapter Name: NVIDIA GeForce GTX 1070
[2017.12.10-19.38.30:957][  0]LogD3D11RHI:   Driver Version: 388.13 (internal:23.21.13.8813, unified:388.13)
[2017.12.10-19.38.30:957][  0]LogD3D11RHI:      Driver Date: 10-27-2017
[2017.12.10-19.38.30:957][  0]LogRHI: Texture pool is 1361 MB (70% of 1945 MB)
[2017.12.10-19.38.30:982][  0]LogD3D11RHI: Async texture creation enabled
[2017.12.10-19.38.30:992][  0]LogD3D11RHI: GPU Timing Frequency: 1000.000000 (Debug: 2 1)
[2017.12.10-19.38.31:041][  0]LogShaderCompilers: Guid format shader working directory is 19 characters bigger than the processId version (../../../../../Projectes Unreal/DraGone/Intermediate/Shaders/WorkingDirectory/13876/).
[2017.12.10-19.38.31:041][  0]LogShaderCompilers: Cleaned the shader compiler working directory 'C:/Users/Josep Rojas Capell/AppData/Local/Temp/UnrealShaderWorkingDir/4828E9284E86E9AF4A1CE190BC81BB0C/'.
[2017.12.10-19.38.31:041][  0]LogShaderCompilers:Display: Using Local Shader Compiler.
[2017.12.10-19.38.31:784][  0]LogTemp:Display: Loaded TP AllDesktopTargetPlatform
[2017.12.10-19.38.31:813][  0]LogTemp:Display: Loaded TP MacClientTargetPlatform
[2017.12.10-19.38.31:841][  0]LogTemp:Display: Loaded TP MacNoEditorTargetPlatform
[2017.12.10-19.38.31:871][  0]LogTemp:Display: Loaded TP MacServerTargetPlatform
[2017.12.10-19.38.31:907][  0]LogTemp:Display: Loaded TP MacTargetPlatform
[2017.12.10-19.38.31:937][  0]LogTemp:Display: Loaded TP WindowsClientTargetPlatform
[2017.12.10-19.38.31:971][  0]LogTemp:Display: Loaded TP WindowsNoEditorTargetPlatform
[2017.12.10-19.38.32:003][  0]LogTemp:Display: Loaded TP WindowsServerTargetPlatform
[2017.12.10-19.38.32:033][  0]LogTemp:Display: Loaded TP WindowsTargetPlatform
[2017.12.10-19.38.32:062][  0]LogTemp:Display: Loaded TP AndroidTargetPlatform
[2017.12.10-19.38.32:089][  0]LogTemp:Display: Loaded TP Android_ASTCTargetPlatform
[2017.12.10-19.38.32:117][  0]LogTemp:Display: Loaded TP Android_ATCTargetPlatform
[2017.12.10-19.38.32:144][  0]LogTemp:Display: Loaded TP Android_DXTTargetPlatform
[2017.12.10-19.38.32:171][  0]LogTemp:Display: Loaded TP Android_ETC1TargetPlatform
[2017.12.10-19.38.32:200][  0]LogTemp:Display: Loaded TP Android_ETC2TargetPlatform
[2017.12.10-19.38.32:256][  0]LogTemp:Display: Loaded TP Android_MultiTargetPlatform
[2017.12.10-19.38.32:256][  0]LogTemp:Display: Loaded TP Android_PVRTCTargetPlatform
[2017.12.10-19.38.32:276][  0]LogTemp:Display: Loaded TP HTML5TargetPlatform
[2017.12.10-19.38.32:337][  0]LogTemp:Display: Loaded TP IOSTargetPlatform
[2017.12.10-19.38.32:354][  0]LogTemp:Display: Loaded TP TVOSTargetPlatform
[2017.12.10-19.38.32:384][  0]LogTemp:Display: Loaded TP LinuxClientTargetPlatform
[2017.12.10-19.38.32:412][  0]LogTemp:Display: Loaded TP LinuxNoEditorTargetPlatform
[2017.12.10-19.38.32:439][  0]LogTemp:Display: Loaded TP LinuxServerTargetPlatform
[2017.12.10-19.38.32:467][  0]LogTemp:Display: Loaded TP LinuxTargetPlatform
[2017.12.10-19.38.32:467][  0]LogTargetPlatformManager:Display: Building Assets For Windows
[2017.12.10-19.38.32:743][  0]LogDerivedDataCache:Display: Max Cache Size: 512 MB
[2017.12.10-19.38.32:810][  0]LogDerivedDataCache: Loaded boot cache 0.07s 90MB C:/Users/Josep Rojas Capell/AppData/Local/UnrealEngine/4.16/DerivedDataCache/Boot.ddc.
[2017.12.10-19.38.32:811][  0]LogDerivedDataCache:Display: Loaded Boot cache: C:/Users/Josep Rojas Capell/AppData/Local/UnrealEngine/4.16/DerivedDataCache/Boot.ddc
[2017.12.10-19.38.32:811][  0]LogDerivedDataCache: FDerivedDataBackendGraph:  Pak pak cache file ../../../../../Projectes Unreal/DraGone/DerivedDataCache/DDC.ddp not found, will not use a pak cache.
[2017.12.10-19.38.32:811][  0]LogDerivedDataCache: Unable to find inner node Pak for hierarchical cache Hierarchy.
[2017.12.10-19.38.32:811][  0]LogDerivedDataCache: FDerivedDataBackendGraph:  CompressedPak pak cache file ../../../../../Projectes Unreal/DraGone/DerivedDataCache/Compressed.ddp not found, will not use a pak cache.
[2017.12.10-19.38.32:811][  0]LogDerivedDataCache: Unable to find inner node CompressedPak for hierarchical cache Hierarchy.
[2017.12.10-19.38.32:822][  0]LogDerivedDataCache:Display: Pak cache opened for reading ../../../Engine/DerivedDataCache/Compressed.ddp.
[2017.12.10-19.38.32:834][  0]LogDerivedDataCache: Using Local data cache path C:/Users/Josep Rojas Capell/AppData/Local/UnrealEngine/Common/DerivedDataCache: Writable
[2017.12.10-19.38.32:841][  0]LogMaterial: Verifying Global Shaders for PCD3D_SM5
[2017.12.10-19.38.32:841][  0]LogSlate: Using Freetype 2.6.0
[2017.12.10-19.38.32:842][  0]LogSlate: SlateFontCache - WITH_FREETYPE: 1, WITH_HARFBUZZ: 1
[2017.12.10-19.38.32:842][  0]LogSlate: SlateFontCache - WITH_FREETYPE: 1, WITH_HARFBUZZ: 1
[2017.12.10-19.38.33:076][  0]LogInit: Selected Device Profile: [Windows]
[2017.12.10-19.38.33:140][  0]LogContentStreaming: Texture pool size is 0.00 MB
[2017.12.10-19.38.33:290][  0]LogMeshUtilities: Using QuadricMeshReduction for automatic static mesh reduction
[2017.12.10-19.38.33:329][  0]LogSimplygon: Simplygon DLL not present - disabling.
[2017.12.10-19.38.33:371][  0]LogMeshUtilities: Using SimplygonSwarm for distributed automatic mesh merging
[2017.12.10-19.38.33:371][  0]LogMeshUtilities: No automatic skeletal mesh reduction module available
[2017.12.10-19.38.33:371][  0]LogMeshUtilities: No automatic mesh merging module available
[2017.12.10-19.38.33:755][  0]LogNetVersion: DraGone , NetCL: 3452394, EngineNetVer: 2, GameNetVer: 0 (Checksum: 2842908505)
[2017.12.10-19.38.33:802][  0]LogAssetRegistry: FAssetRegistry took 0.0248 seconds to start up
[2017.12.10-19.38.33:849][  0]LogPackageLocalizationCache: Processed 4 localized package path(s) for 1 prioritized culture(s) in 0.034655 seconds
[2017.12.10-19.38.33:853][  0]LogUObjectArray: 34194 objects as part of root set at end of initial load.
[2017.12.10-19.38.33:853][  0]LogUObjectAllocator: 7260424 out of 0 bytes used by permanent object pool.
[2017.12.10-19.38.33:853][  0]LogUObjectArray: CloseDisregardForGC: 0/0 objects in disregard for GC pool
[2017.12.10-19.38.33:885][  0]LogInit: WinSock: version 1.1 (2.2), MaxSocks=32767, MaxUdp=65467
[2017.12.10-19.38.35:465][  0]LogTcpMessaging: Initializing TcpMessaging bridge
[2017.12.10-19.38.35:492][  0]LogUdpMessaging: Initializing bridge on interface 0.0.0.0:0 to multicast group 230.0.0.1:6666.
[2017.12.10-19.38.35:869][  0]LogMaterial: Uniform references updated for custom material expression Custom.
[2017.12.10-19.38.36:095][  0]SourceControl: Info Source control is disabled
[2017.12.10-19.38.36:139][  0]SourceControl: Info Source control is disabled
[2017.12.10-19.38.36:165][  0]SourceControl: Info Source control is disabled
[2017.12.10-19.38.36:191][  0]SourceControl: Info Source control is disabled
[2017.12.10-19.38.36:550][  0]LogAndroidPermission: UAndroidPermissionCallbackProxy::GetInstance
[2017.12.10-19.38.36:878][  0]LogEngine: Initializing Engine...
[2017.12.10-19.38.36:878][  0]LogHMD: Failed to initialize OpenVR with code 110
[2017.12.10-19.38.37:036][  0]LogStats: UGameplayTagsManager::ConstructGameplayTagTree: Construct from data asset -  0.000 s
[2017.12.10-19.38.37:036][  0]LogStats: UGameplayTagsManager::ConstructGameplayTagTree: GameplayTagTreeChangedEvent.Broadcast -  0.000 s
[2017.12.10-19.38.37:104][  0]LogAIModule: Creating AISystem for world Untitled
[2017.12.10-19.38.37:113][  0]LogInit: XAudio2 using 'BenQ GL2450H-4 (NVIDIA High Definition Audio)' : 2 channels at 48 kHz using 16 bits per sample (channel mask 0x3)
[2017.12.10-19.38.37:123][  0]LogInit: FAudioDevice initialized.
[2017.12.10-19.38.37:160][  0]LogDerivedDataCache: Saved boot cache 0.04s 90MB C:/Users/Josep Rojas Capell/AppData/Local/UnrealEngine/4.16/DerivedDataCache/Boot.ddc.
[2017.12.10-19.38.37:168][  0]LogInit: Texture streaming: Enabled
[2017.12.10-19.38.37:220][  0]LogEngineSessionManager: EngineSessionManager initialized
[2017.12.10-19.38.37:333][  0]LogInit: Transaction tracking system initialized
[2017.12.10-19.38.37:494][  0]BlueprintLog: New page: Editor Load
[2017.12.10-19.38.37:979][  0]LocalizationService: Info Localization service is disabled
[2017.12.10-19.38.38:339][  0]LogConsoleResponse:Display: 
[2017.12.10-19.38.38:484][  0]LogCook:Display: Max memory allowance for cook 16384mb min free memory 0mb
[2017.12.10-19.38.38:484][  0]LogCook:Display: Mobile HDR setting 1
[2017.12.10-19.38.38:691][  0]LogFileCache: Scanning file cache for directory 'D:/Projectes Unreal/DraGone/Content/' took 0.01s
[2017.12.10-19.38.39:020][  0]SourceControl: Info Source control is disabled
[2017.12.10-19.38.39:136][  0]LogWindowsTextInputMethodSystem:Display: IME system now deactivated.
[2017.12.10-19.38.39:169][  0]LogSlate: Took 0.000203 seconds to synchronously load lazily loaded font '../../../Engine/Content/Slate/Fonts/Roboto-Regular.ttf' (155K)
[2017.12.10-19.38.47:122][  0]LogWindowsTextInputMethodSystem:Display: IME system now deactivated.
[2017.12.10-19.38.47:124][  0]LogWindowsTextInputMethodSystem:Display: IME system now deactivated.
[2017.12.10-19.38.48:965][  0]LogWindowsTextInputMethodSystem:Display: IME system now deactivated.
[2017.12.10-19.38.48:969][  0]LogWindowsTextInputMethodSystem:Display: IME system now deactivated.
[2017.12.10-19.38.49:110][  0]Cmd: MAP LOAD FILE="../../../../../Projectes Unreal/DraGone/Content/ThirdPersonBP/Maps/ThirdPersonExampleMap.umap" TEMPLATE=0 SHOWPROGRESS=1 FEATURELEVEL=3
[2017.12.10-19.38.49:112][  0]LightingResults: New page: Lighting Build
[2017.12.10-19.38.49:189][  0]MapCheck: New page: Map Check
[2017.12.10-19.38.49:189][  0]LightingResults: New page: Lighting Build
[2017.12.10-19.38.50:949][  0]LogAIModule: Creating AISystem for world ThirdPersonExampleMap
[2017.12.10-19.38.51:165][  0]LogEditorServer: Finished looking for orphan Actors (0.000 secs)
[2017.12.10-19.38.51:221][  0]Cmd: MAP CHECKDEP NOCLEARLOG
[2017.12.10-19.38.51:288][  0]MapCheck: Info Map check complete: 0 Error(s), 0 Warning(s), took 66.459ms to complete.
[2017.12.10-19.38.51:288][  0]LogFileHelpers: Loading map 'ThirdPersonExampleMap' took 2.178
[2017.12.10-19.38.51:779][  0]LogStats:Warning: MetaData mismatch. Did you assign a stat to two groups? New //STATGROUP_Threads//SplashScreenThread///Thread_2160_0///####STATCAT_Advanced#### old //STATGROUP_Threads//SplashScreenThread///Thread_22f0_0///####STATCAT_Advanced####
[2017.12.10-19.38.51:779][  0]LogCollectionManager: Loaded 0 collections in 0.015433 seconds
[2017.12.10-19.38.52:031][  0]LogFileCache: Scanning file cache for directory 'D:/Projectes Unreal/DraGone/Saved/Collections/' took 0.01s
[2017.12.10-19.38.52:031][  0]LogFileCache: Scanning file cache for directory 'D:/Projectes Unreal/DraGone/Content/Developers/JosepRojasCapell/Collections/' took 0.01s
[2017.12.10-19.38.52:031][  0]LogFileCache: Scanning file cache for directory 'D:/Projectes Unreal/DraGone/Content/Collections/' took 0.01s
[2017.12.10-19.38.52:031][  0]LogCollectionManager: Rebuilt the GUID cache for 0 collections in 0.000005 seconds
[2017.12.10-19.38.52:062][  0]LogContentBrowser: Native class hierarchy populated in 0.0290 seconds. Added 2329 classes and 491 folders.
[2017.12.10-19.38.52:122][  0]LogContentBrowser: Native class hierarchy updated for 'WidgetCarousel' in 0.0004 seconds. Added 0 classes and 0 folders.
[2017.12.10-19.38.52:850][  0]LogContentBrowser: Native class hierarchy updated for 'AddContentDialog' in 0.0018 seconds. Added 0 classes and 0 folders.
[2017.12.10-19.38.52:998][  0]LogContentBrowser: Native class hierarchy updated for 'SceneOutliner' in 0.0019 seconds. Added 1 classes and 2 folders.
[2017.12.10-19.38.53:799][  0]LogCrashTracker: Crashtracker disabled due to settings.
[2017.12.10-19.38.53:847][  0]LogSlate: Took 0.000516 seconds to synchronously load lazily loaded font '../../../Engine/Content/Slate/Fonts/Roboto-Bold.ttf' (160K)
[2017.12.10-19.38.53:900][  0]LogSlate: Took 0.022617 seconds to synchronously load lazily loaded font '../../../Engine/Content/Editor/Slate/Fonts/FontAwesome.ttf' (139K)
[2017.12.10-19.38.54:368][  0]LogRenderer: Reallocating scene render targets to support 1208x576 NumSamples 1 (Frame:1).
[2017.12.10-19.38.54:827][  0]LogUObjectGlobals:Warning: Failed to find object 'Class None.'
[2017.12.10-19.38.54:882][  0]LogContentBrowser: Native class hierarchy updated for 'HierarchicalLODOutliner' in 0.0004 seconds. Added 1 classes and 2 folders.
[2017.12.10-19.38.54:882][  0]LogLoad: (Engine Initialization) Total time: 26.04 seconds
[2017.12.10-19.38.54:882][  0]LogLoad: (Engine Initialization) Total Blueprint compile time: 0.24 seconds
[2017.12.10-19.38.54:882][  0]LogExternalProfiler: No external profilers were discovered.  External profiling features will not be available.
[2017.12.10-19.38.55:223][  0]LogOcInput: OculusInput pre-init called
[2017.12.10-19.38.55:223][  0]LogHMD: Starting GearVRController plugin
[2017.12.10-19.38.55:309][  0]LogContentStreaming: Texture pool size now 1000 MB
[2017.12.10-19.38.55:464][  0]LogSlate: Took 0.012631 seconds to synchronously load lazily loaded font '../../../Engine/Content/Slate/Fonts/Roboto-Light.ttf' (159K)
[2017.12.10-19.38.55:665][  3]LogAssetRegistry: Asset discovery search completed in 21.8849 seconds
[2017.12.10-19.38.55:667][  3]LogCollectionManager: Rebuilt the object cache for 0 collections in 0.000001 seconds (found 0 objects)
[2017.12.10-19.38.55:667][  3]LogCollectionManager: Fixed up redirectors for 0 collections in 0.000034 seconds (updated 0 objects)
[2017.12.10-19.38.55:907][ 23]LogSlate: Took 0.000146 seconds to synchronously load lazily loaded font '../../../Engine/Content/Slate/Fonts/Roboto-Light.ttf' (159K)
