Log file open, 12/18/17 13:16:25
LogInit:Display: Running engine for game: DraGone
LogPlatformFile: Not using cached read wrapper
LogInit:Display: RandInit(-817079001) SRandInit(-817079001).
LogTaskGraph: Started task graph with 5 named threads and 8 total threads with 1 sets of task threads.
LogStats: Stats thread started at 0.362568
LogInit: Using libcurl 7.47.1
LogInit:  - built for x86_64-pc-win32
LogInit:  - supports SSL with OpenSSL/1.0.2g
LogInit:  - supports HTTP deflate (compression) using libz 1.2.8
LogInit:  - other features:
LogInit:      CURL_VERSION_SSL
LogInit:      CURL_VERSION_LIBZ
LogInit:      CURL_VERSION_IPV6
LogInit:      CURL_VERSION_ASYNCHDNS
LogInit:      CURL_VERSION_LARGEFILE
LogInit:      CURL_VERSION_IDN
LogInit:  CurlRequestOptions (configurable via config and command line):
LogInit:  - bVerifyPeer = false  - Libcurl will NOT verify peer certificate
LogInit:  - bUseHttpProxy = false  - Libcurl will NOT use HTTP proxy
LogInit:  - bDontReuseConnections = false  - Libcurl will reuse connections
LogInit:  - CertBundlePath = nullptr  - Libcurl will use whatever was configured at build time.
LogInit: Build: ++UE4+Release-4.16-CL-3561208
LogInit: Engine Version: 4.16.3-3561208+++UE4+Release-4.16
LogInit: Compatible Engine Version: 4.16.0-3452394+++UE4+Release-4.16
LogInit: Net CL: 3452394
LogDevObjectVersion: Number of dev versions registered: 16
LogDevObjectVersion:   Dev-Blueprints (B0D832E4-1F89-4F0D-ACCF-7EB736FD4AA2): 9
LogDevObjectVersion:   Dev-Build (E1C64328-A22C-4D53-A36C-8E866417BD8C): 0
LogDevObjectVersion:   Dev-Core (375EC13C-06E4-48FB-B500-84F0262A717E): 2
LogDevObjectVersion:   Dev-Editor (E4B068ED-F494-42E9-A231-DA0B2E46BB41): 17
LogDevObjectVersion:   Dev-Framework (CFFC743F-43B0-4480-9391-14DF171D2073): 23
LogDevObjectVersion:   Dev-Mobile (B02B49B5-BB20-44E9-A304-32B752E40360): 0
LogDevObjectVersion:   Dev-Networking (A4E4105C-59A1-49B5-A7C5-40C4547EDFEE): 0
LogDevObjectVersion:   Dev-Online (39C831C9-5AE6-47DC-9A44-9C173E1C8E7C): 0
LogDevObjectVersion:   Dev-Physics (78F01B33-EBEA-4F98-B9B4-84EACCB95AA2): 0
LogDevObjectVersion:   Dev-Platform (6631380F-2D4D-43E0-8009-CF276956A95A): 0
LogDevObjectVersion:   Dev-Rendering (12F88B9F-8875-4AFC-A67C-D90C383ABD29): 15
LogDevObjectVersion:   Dev-Sequencer (7B5AE74C-D270-4C10-A958-57980B212A5A): 4
LogDevObjectVersion:   Dev-VR (D7296918-1DD6-4BDD-9DE2-64A83CC13884): 0
LogDevObjectVersion:   Dev-LoadTimes (C2A15278-BFE7-4AFE-6C17-90FF531DF755): 1
LogDevObjectVersion:   Private-Geometry (6EACA3D4-40EC-4CC1-B786-8BED09428FC5): 1
LogDevObjectVersion:   Dev-AnimPhys (29E575DD-E0A3-4627-9D10-D276232CDCEA): 3
LogInit: Compiled (64-bit): Jul 28 2017 11:49:47
LogInit: Compiled with Visual C++: 19.00.24215.01
LogInit: Build Configuration: Development
LogInit: Branch Name: ++UE4+Release-4.16
LogInit: Command line:  
LogInit: Base directory: C:/Program Files/Epic Games/UE_4.16/Engine/Binaries/Win64/
LogInit: Installed Engine Build: 1
LogInit: Presizing for max 8388607 objects, including 0 objects not considered by GC, pre-allocating 0 bytes for permanent pool.
LogInit: Object subsystem initialized
[2017.12.18-12.16.26:673][  0]LogInit: Selected Device Profile: [Windows]
[2017.12.18-12.16.26:673][  0]LogInit: Applying CVar settings loaded from the selected device profile: [Windows]
[2017.12.18-12.16.26:714][  0]LogInit: Computer: ALIENWARE
[2017.12.18-12.16.26:714][  0]LogInit: User: Roger
[2017.12.18-12.16.26:714][  0]LogInit: CPU Page size=4096, Cores=4
[2017.12.18-12.16.26:714][  0]LogInit: High frequency timer resolution =3.613285 MHz
[2017.12.18-12.16.26:714][  0]LogMemory: Memory total: Physical=7.9GB (8GB approx)
[2017.12.18-12.16.26:714][  0]LogMemory: Platform Memory Stats for Windows
[2017.12.18-12.16.26:714][  0]LogMemory: Process Physical Memory: 274.59 MB used, 274.59 MB peak
[2017.12.18-12.16.26:714][  0]LogMemory: Process Virtual Memory: 262.86 MB used, 262.86 MB peak
[2017.12.18-12.16.26:714][  0]LogMemory: Physical Memory: 4331.63 MB used,  3778.54 MB free, 8110.16 MB total
[2017.12.18-12.16.26:714][  0]LogMemory: Virtual Memory: 626.51 MB used,  3778.54 MB free, 134217728.00 MB total
[2017.12.18-12.16.27:142][  0]LogInit: Overriding language with editor language configuration option (en).
[2017.12.18-12.16.27:142][  0]LogInit: Overriding locale with editor locale configuration option (en).
[2017.12.18-12.16.30:574][  0]LogD3D11RHI: D3D11 adapters:
[2017.12.18-12.16.30:650][  0]LogD3D11RHI:    0. 'NVIDIA GeForce GTX 1070' (Feature Level 11_0)
[2017.12.18-12.16.30:650][  0]LogD3D11RHI:       8119/0/4055 MB DedicatedVideo/DedicatedSystem/SharedSystem, Outputs:1, VendorId:0x10de
[2017.12.18-12.16.30:652][  0]LogD3D11RHI:    1. 'Microsoft Basic Render Driver' (Feature Level 11_0)
[2017.12.18-12.16.30:652][  0]LogD3D11RHI:       0/0/4055 MB DedicatedVideo/DedicatedSystem/SharedSystem, Outputs:0, VendorId:0x1414
[2017.12.18-12.16.30:652][  0]LogD3D11RHI: Chosen D3D11 Adapter: 0
[2017.12.18-12.16.30:657][  0]LogD3D11RHI: Creating new Direct3DDevice
[2017.12.18-12.16.30:657][  0]LogD3D11RHI:     GPU DeviceId: 0x1b81 (for the marketing name, search the web for "GPU Device Id")
[2017.12.18-12.16.30:657][  0]LogWindows: EnumDisplayDevices:
[2017.12.18-12.16.30:657][  0]LogWindows:    0. 'NVIDIA GeForce GTX 1070' (P:1 D:1)
[2017.12.18-12.16.30:657][  0]LogWindows:    1. 'NVIDIA GeForce GTX 1070' (P:0 D:0)
[2017.12.18-12.16.30:657][  0]LogWindows:    2. 'NVIDIA GeForce GTX 1070' (P:0 D:0)
[2017.12.18-12.16.30:657][  0]LogWindows:    3. 'NVIDIA GeForce GTX 1070' (P:0 D:0)
[2017.12.18-12.16.30:657][  0]LogWindows: DebugString: FoundDriverCount:4 
[2017.12.18-12.16.30:657][  0]LogD3D11RHI:     Adapter Name: NVIDIA GeForce GTX 1070
[2017.12.18-12.16.30:657][  0]LogD3D11RHI:   Driver Version: 382.05 (internal:22.21.13.8205, unified:382.05)
[2017.12.18-12.16.30:657][  0]LogD3D11RHI:      Driver Date: 5-1-2017
[2017.12.18-12.16.30:657][  0]LogRHI: Texture pool is 1361 MB (70% of 1945 MB)
[2017.12.18-12.16.30:690][  0]LogD3D11RHI: Async texture creation enabled
[2017.12.18-12.16.30:706][  0]LogD3D11RHI: GPU Timing Frequency: 1000.000000 (Debug: 2 2)
[2017.12.18-12.16.30:707][  0]LogShaderCompilers: Guid format shader working directory is -13 characters bigger than the processId version (../../../../../../Users/Roger/Desktop/Repo DraGone/DraGone/Intermediate/Shaders/WorkingDirectory/14444/).
[2017.12.18-12.16.30:707][  0]LogShaderCompilers: Cleaned the shader compiler working directory 'C:/Users/Roger/AppData/Local/Temp/UnrealShaderWorkingDir/808BA6D24A22904F706042BC422E5095/'.
[2017.12.18-12.16.30:707][  0]LogShaderCompilers:Display: Using Local Shader Compiler.
[2017.12.18-12.16.32:619][  0]LogTemp:Display: Loaded TP AllDesktopTargetPlatform
[2017.12.18-12.16.32:694][  0]LogTemp:Display: Loaded TP MacClientTargetPlatform
[2017.12.18-12.16.32:768][  0]LogTemp:Display: Loaded TP MacNoEditorTargetPlatform
[2017.12.18-12.16.32:842][  0]LogTemp:Display: Loaded TP MacServerTargetPlatform
[2017.12.18-12.16.32:933][  0]LogTemp:Display: Loaded TP MacTargetPlatform
[2017.12.18-12.16.33:008][  0]LogTemp:Display: Loaded TP WindowsClientTargetPlatform
[2017.12.18-12.16.33:082][  0]LogTemp:Display: Loaded TP WindowsNoEditorTargetPlatform
[2017.12.18-12.16.33:156][  0]LogTemp:Display: Loaded TP WindowsServerTargetPlatform
[2017.12.18-12.16.33:233][  0]LogTemp:Display: Loaded TP WindowsTargetPlatform
[2017.12.18-12.16.33:313][  0]LogTemp:Display: Loaded TP AndroidTargetPlatform
[2017.12.18-12.16.33:386][  0]LogTemp:Display: Loaded TP Android_ASTCTargetPlatform
[2017.12.18-12.16.33:459][  0]LogTemp:Display: Loaded TP Android_ATCTargetPlatform
[2017.12.18-12.16.33:532][  0]LogTemp:Display: Loaded TP Android_DXTTargetPlatform
[2017.12.18-12.16.33:605][  0]LogTemp:Display: Loaded TP Android_ETC1TargetPlatform
[2017.12.18-12.16.33:677][  0]LogTemp:Display: Loaded TP Android_ETC2TargetPlatform
[2017.12.18-12.16.33:822][  0]LogTemp:Display: Loaded TP Android_MultiTargetPlatform
[2017.12.18-12.16.33:822][  0]LogTemp:Display: Loaded TP Android_PVRTCTargetPlatform
[2017.12.18-12.16.33:885][  0]LogTemp:Display: Loaded TP HTML5TargetPlatform
[2017.12.18-12.16.34:081][  0]LogTemp:Display: Loaded TP IOSTargetPlatform
[2017.12.18-12.16.34:121][  0]LogTemp:Display: Loaded TP TVOSTargetPlatform
[2017.12.18-12.16.34:194][  0]LogTemp:Display: Loaded TP LinuxClientTargetPlatform
[2017.12.18-12.16.34:268][  0]LogTemp:Display: Loaded TP LinuxNoEditorTargetPlatform
[2017.12.18-12.16.34:341][  0]LogTemp:Display: Loaded TP LinuxServerTargetPlatform
[2017.12.18-12.16.34:428][  0]LogTemp:Display: Loaded TP LinuxTargetPlatform
[2017.12.18-12.16.34:428][  0]LogTargetPlatformManager:Display: Building Assets For Windows
[2017.12.18-12.16.35:770][  0]LogDerivedDataCache:Display: Max Cache Size: 512 MB
[2017.12.18-12.16.36:449][  0]LogDerivedDataCache: Loaded boot cache 0.68s 90MB C:/Users/Roger/AppData/Local/UnrealEngine/4.16/DerivedDataCache/Boot.ddc.
[2017.12.18-12.16.36:449][  0]LogDerivedDataCache:Display: Loaded Boot cache: C:/Users/Roger/AppData/Local/UnrealEngine/4.16/DerivedDataCache/Boot.ddc
[2017.12.18-12.16.36:449][  0]LogDerivedDataCache: FDerivedDataBackendGraph:  Pak pak cache file ../../../../../../Users/Roger/Desktop/Repo DraGone/DraGone/DerivedDataCache/DDC.ddp not found, will not use a pak cache.
[2017.12.18-12.16.36:449][  0]LogDerivedDataCache: Unable to find inner node Pak for hierarchical cache Hierarchy.
[2017.12.18-12.16.36:449][  0]LogDerivedDataCache: FDerivedDataBackendGraph:  CompressedPak pak cache file ../../../../../../Users/Roger/Desktop/Repo DraGone/DraGone/DerivedDataCache/Compressed.ddp not found, will not use a pak cache.
[2017.12.18-12.16.36:449][  0]LogDerivedDataCache: Unable to find inner node CompressedPak for hierarchical cache Hierarchy.
[2017.12.18-12.16.36:508][  0]LogDerivedDataCache:Display: Pak cache opened for reading ../../../Engine/DerivedDataCache/Compressed.ddp.
[2017.12.18-12.16.36:520][  0]LogDerivedDataCache: Using Local data cache path C:/Users/Roger/AppData/Local/UnrealEngine/Common/DerivedDataCache: Writable
[2017.12.18-12.16.36:530][  0]LogMaterial: Verifying Global Shaders for PCD3D_SM5
[2017.12.18-12.16.36:531][  0]LogSlate: Using Freetype 2.6.0
[2017.12.18-12.16.36:564][  0]LogSlate: SlateFontCache - WITH_FREETYPE: 1, WITH_HARFBUZZ: 1
[2017.12.18-12.16.36:564][  0]LogSlate: SlateFontCache - WITH_FREETYPE: 1, WITH_HARFBUZZ: 1
[2017.12.18-12.16.42:816][  0]LogInit: Selected Device Profile: [Windows]
[2017.12.18-12.16.42:974][  0]LogContentStreaming: Texture pool size is 0.00 MB
[2017.12.18-12.16.43:283][  0]LogMeshUtilities: Using QuadricMeshReduction for automatic static mesh reduction
[2017.12.18-12.16.43:402][  0]LogSimplygon: Simplygon DLL not present - disabling.
[2017.12.18-12.16.43:495][  0]LogMeshUtilities: Using SimplygonSwarm for distributed automatic mesh merging
[2017.12.18-12.16.43:495][  0]LogMeshUtilities: No automatic skeletal mesh reduction module available
[2017.12.18-12.16.43:495][  0]LogMeshUtilities: No automatic mesh merging module available
[2017.12.18-12.16.44:637][  0]LogNetVersion: DraGone , NetCL: 3452394, EngineNetVer: 2, GameNetVer: 0 (Checksum: 2842908505)
[2017.12.18-12.16.44:782][  0]LogAssetRegistry: FAssetRegistry took 0.0255 seconds to start up
[2017.12.18-12.16.44:843][  0]LogPackageLocalizationCache: Processed 4 localized package path(s) for 1 prioritized culture(s) in 0.028404 seconds
[2017.12.18-12.16.44:848][  0]LogUObjectArray: 34194 objects as part of root set at end of initial load.
[2017.12.18-12.16.44:848][  0]LogUObjectAllocator: 7260416 out of 0 bytes used by permanent object pool.
[2017.12.18-12.16.44:848][  0]LogUObjectArray: CloseDisregardForGC: 0/0 objects in disregard for GC pool
[2017.12.18-12.16.44:945][  0]LogInit: WinSock: version 1.1 (2.2), MaxSocks=32767, MaxUdp=65467
[2017.12.18-12.17.06:576][  0]LogTcpMessaging: Initializing TcpMessaging bridge
[2017.12.18-12.17.06:667][  0]LogUdpMessaging: Initializing bridge on interface 0.0.0.0:0 to multicast group 230.0.0.1:6666.
[2017.12.18-12.17.07:756][  0]LogMaterial: Uniform references updated for custom material expression Custom.
[2017.12.18-12.17.08:469][  0]SourceControl: Info Source control is disabled
[2017.12.18-12.17.08:709][  0]SourceControl: Info Source control is disabled
[2017.12.18-12.17.08:823][  0]SourceControl: Info Source control is disabled
[2017.12.18-12.17.08:932][  0]SourceControl: Info Source control is disabled
[2017.12.18-12.17.10:378][  0]LogAndroidPermission: UAndroidPermissionCallbackProxy::GetInstance
[2017.12.18-12.17.11:871][  0]LogEngine: Initializing Engine...
[2017.12.18-12.17.11:872][  0]LogHMD: Failed to initialize OpenVR with code 110
[2017.12.18-12.17.12:104][  0]LogStats: UGameplayTagsManager::ConstructGameplayTagTree: Construct from data asset -  0.000 s
[2017.12.18-12.17.12:104][  0]LogStats: UGameplayTagsManager::ConstructGameplayTagTree: GameplayTagTreeChangedEvent.Broadcast -  0.000 s
[2017.12.18-12.17.12:339][  0]LogAIModule: Creating AISystem for world Untitled
[2017.12.18-12.17.12:372][  0]LogInit: XAudio2 using 'Altavoces (Yeti Stereo Microphone)' : 2 channels at 48 kHz using 16 bits per sample (channel mask 0x3)
[2017.12.18-12.17.12:388][  0]LogInit: FAudioDevice initialized.
[2017.12.18-12.17.12:437][  0]LogDerivedDataCache: Saved boot cache 0.05s 90MB C:/Users/Roger/AppData/Local/UnrealEngine/4.16/DerivedDataCache/Boot.ddc.
[2017.12.18-12.17.12:443][  0]LogInit: Texture streaming: Enabled
[2017.12.18-12.17.12:938][  0]LogEngineSessionManager: EngineSessionManager initialized
[2017.12.18-12.17.13:484][  0]LogInit: Transaction tracking system initialized
[2017.12.18-12.17.14:074][  0]BlueprintLog: New page: Editor Load
[2017.12.18-12.17.16:112][  0]LocalizationService: Info Localization service is disabled
[2017.12.18-12.17.17:517][  0]LogConsoleResponse:Display: 
[2017.12.18-12.17.18:366][  0]LogCook:Display: Max memory allowance for cook 16384mb min free memory 0mb
[2017.12.18-12.17.18:366][  0]LogCook:Display: Mobile HDR setting 1
[2017.12.18-12.17.19:568][  0]LogFileCache: Scanning file cache for directory 'C:/Users/Roger/Desktop/Repo DraGone/DraGone/Content/' took 0.02s
[2017.12.18-12.17.20:861][  0]SourceControl: Info Source control is disabled
[2017.12.18-12.17.20:885][  0]Cmd: MAP LOAD FILE="../../../../../../Users/Roger/Desktop/Repo DraGone/DraGone/Content/ThirdPersonBP/Maps/ThirdPersonExampleMap.umap" TEMPLATE=0 SHOWPROGRESS=1 FEATURELEVEL=3
[2017.12.18-12.17.20:885][  0]LightingResults: New page: Lighting Build
[2017.12.18-12.17.20:950][  0]MapCheck: New page: Map Check
[2017.12.18-12.17.20:950][  0]LightingResults: New page: Lighting Build
[2017.12.18-12.17.22:368][  0]LogAIModule: Creating AISystem for world ThirdPersonExampleMap
[2017.12.18-12.17.22:377][  0]LogEditorServer: Finished looking for orphan Actors (0.000 secs)
[2017.12.18-12.17.22:395][  0]Cmd: MAP CHECKDEP NOCLEARLOG
[2017.12.18-12.17.22:502][  0]MapCheck: Info Map check complete: 0 Error(s), 0 Warning(s), took 106.873ms to complete.
[2017.12.18-12.17.22:502][  0]LogFileHelpers: Loading map 'ThirdPersonExampleMap' took 1.626
[2017.12.18-12.17.22:753][  0]LogCollectionManager: Loaded 0 collections in 0.002674 seconds
[2017.12.18-12.17.22:889][  0]LogFileCache: Scanning file cache for directory 'C:/Users/Roger/Desktop/Repo DraGone/DraGone/Saved/Collections/' took 0.01s
[2017.12.18-12.17.22:889][  0]LogFileCache: Scanning file cache for directory 'C:/Users/Roger/Desktop/Repo DraGone/DraGone/Content/Developers/Roger/Collections/' took 0.01s
[2017.12.18-12.17.22:889][  0]LogFileCache: Scanning file cache for directory 'C:/Users/Roger/Desktop/Repo DraGone/DraGone/Content/Collections/' took 0.01s
[2017.12.18-12.17.22:889][  0]LogCollectionManager: Rebuilt the GUID cache for 0 collections in 0.000002 seconds
[2017.12.18-12.17.22:899][  0]LogContentBrowser: Native class hierarchy populated in 0.0095 seconds. Added 2329 classes and 491 folders.
[2017.12.18-12.17.23:000][  0]LogContentBrowser: Native class hierarchy updated for 'WidgetCarousel' in 0.0006 seconds. Added 0 classes and 0 folders.
[2017.12.18-12.17.23:726][  0]LogContentBrowser: Native class hierarchy updated for 'AddContentDialog' in 0.0006 seconds. Added 0 classes and 0 folders.
[2017.12.18-12.17.23:817][  0]LogContentBrowser: Native class hierarchy updated for 'SceneOutliner' in 0.0006 seconds. Added 1 classes and 2 folders.
[2017.12.18-12.17.23:933][  0]LogCrashTracker: Crashtracker disabled due to settings.
[2017.12.18-12.17.23:937][  0]LogSlate: Took 0.000297 seconds to synchronously load lazily loaded font '../../../Engine/Content/Slate/Fonts/Roboto-Regular.ttf' (155K)
[2017.12.18-12.17.23:951][  0]LogSlate: Took 0.011706 seconds to synchronously load lazily loaded font '../../../Engine/Content/Slate/Fonts/Roboto-Bold.ttf' (160K)
[2017.12.18-12.17.23:975][  0]LogSlate: Took 0.018517 seconds to synchronously load lazily loaded font '../../../Engine/Content/Editor/Slate/Fonts/FontAwesome.ttf' (139K)
[2017.12.18-12.17.24:111][  0]LogRenderer: Reallocating scene render targets to support 1208x652 NumSamples 1 (Frame:1).
[2017.12.18-12.17.24:208][  0]LogUObjectGlobals:Warning: Failed to find object 'Class None.'
[2017.12.18-12.17.24:314][  0]LogContentBrowser: Native class hierarchy updated for 'HierarchicalLODOutliner' in 0.0006 seconds. Added 1 classes and 2 folders.
[2017.12.18-12.17.24:314][  0]LogLoad: (Engine Initialization) Total time: 62.96 seconds
[2017.12.18-12.17.24:314][  0]LogLoad: (Engine Initialization) Total Blueprint compile time: 0.34 seconds
[2017.12.18-12.17.24:314][  0]LogExternalProfiler: Found external profiler: VSPerf
[2017.12.18-12.17.24:314][  0]LogExternalProfiler: Using external profiler: VSPerf
[2017.12.18-12.17.24:654][  0]LogOcInput: OculusInput pre-init called
[2017.12.18-12.17.24:654][  0]LogHMD: Starting GearVRController plugin
[2017.12.18-12.17.24:674][  0]LogContentStreaming: Texture pool size now 1000 MB
[2017.12.18-12.17.24:728][  0]LogSlate: Took 0.001585 seconds to synchronously load lazily loaded font '../../../Engine/Content/Slate/Fonts/Roboto-Light.ttf' (159K)
[2017.12.18-12.17.24:989][  1]LogAssetRegistry: Asset discovery search completed in 40.2278 seconds
[2017.12.18-12.17.24:990][  1]LogCollectionManager: Rebuilt the object cache for 0 collections in 0.000001 seconds (found 0 objects)
[2017.12.18-12.17.24:990][  1]LogCollectionManager: Fixed up redirectors for 0 collections in 0.000023 seconds (updated 0 objects)
[2017.12.18-12.17.25:656][  3]LogSlate: Took 0.000366 seconds to synchronously load lazily loaded font '../../../Engine/Content/Slate/Fonts/Roboto-Light.ttf' (159K)
[2017.12.18-12.19.37:549][ 71]LogEditorViewport: Clicking on Actor (LMB): ThirdPersonCharacter_C (ThirdPersonCharacter)
[2017.12.18-12.19.40:243][345]LogSlate: Took 0.000217 seconds to synchronously load lazily loaded font '../../../Engine/Content/Slate/Fonts/Roboto-Light.ttf' (159K)
[2017.12.18-12.19.40:800][345]LogContentBrowser: Native class hierarchy updated for 'BlueprintGraph' in 0.0010 seconds. Added 112 classes and 0 folders.
[2017.12.18-12.19.41:767][345]LogSlate: Took 0.018828 seconds to synchronously load lazily loaded font '../../../Engine/Content/Editor/Slate/Fonts/Roboto-BoldCondensed.ttf' (158K)
[2017.12.18-12.19.42:150][346]LogSlate: Took 0.020262 seconds to synchronously load lazily loaded font '../../../Engine/Content/Editor/Slate/Fonts/Roboto-Italic.ttf' (157K)
[2017.12.18-12.20.05:399][102]LogSlate: Only BGRA pngs, bmps or icos are supported in by External Image Picker
[2017.12.18-12.20.05:925][105]LogTemp: Executing iPhonePackager certificates Engine -bundlename com.YourCompany.DraGone
[2017.12.18-12.20.05:925][105]LogTemp: CWD: C:\Program Files\Epic Games\UE_4.16\Engine\Binaries\DotNET\IOS
[2017.12.18-12.20.05:925][105]LogTemp: Initial Dir: C:\Program Files\Epic Games\UE_4.16
[2017.12.18-12.20.05:925][105]LogTemp: Env CWD: C:\Program Files\Epic Games\UE_4.16\Engine\Binaries\DotNET\IOS
[2017.12.18-12.20.05:925][105]LogTemp: BranchPath = ALIENWARE/C/Program Files/Epic Games/UE_4.16/Engine/Binaries --- GameBranchPath = ALIENWARE/C/Program Files/Epic Games/UE_4.16/Engine/Binaries
[2017.12.18-12.20.05:925][105]LogTemp: IPP ERROR: Could not find provision directory 'C:\Users\Roger\AppData\Local/Apple Computer/MobileDevice/Provisioning Profiles/'.
[2017.12.18-12.27.24:934][ 30]LogFileHelpers: Editor autosave (incl. sublevels) for '/Game/ThirdPersonBP/Maps/ThirdPersonExampleMap' took 0.021
[2017.12.18-12.27.24:937][ 30]OBJ SavePackage: Generating thumbnails for [1] asset(s) in package [/Game/ThirdPersonBP/Blueprints/ThirdPersonCharacter] ([1] browsable assets)...
[2017.12.18-12.27.24:978][ 30]OBJ SavePackage:     Rendered thumbnail for [Blueprint /Game/ThirdPersonBP/Blueprints/ThirdPersonCharacter.ThirdPersonCharacter]
[2017.12.18-12.27.24:978][ 30]OBJ SavePackage: Finished generating thumbnails for package [/Game/ThirdPersonBP/Blueprints/ThirdPersonCharacter]
[2017.12.18-12.27.25:179][ 30]LogSavePackage: Save=176.07ms
[2017.12.18-12.27.25:179][ 30]LogSavePackage: Moving '../../../../../../Users/Roger/Desktop/Repo DraGone/DraGone/Saved/ThirdPersonCharacter_Auto1DD9BF65A4EC807A7682EF2B24214E4E0.tmp' to '../../../../../../Users/Roger/Desktop/Repo DraGone/DraGone/Saved/Autosaves/Game/ThirdPersonBP/Blueprints/ThirdPersonCharacter_Auto1.uasset'
[2017.12.18-12.27.25:185][ 30]LogSavePackage:Display: Finished SavePackage ../../../../../../Users/Roger/Desktop/Repo DraGone/DraGone/Saved/Autosaves/Game/ThirdPersonBP/Blueprints/ThirdPersonCharacter_Auto1.uasset
[2017.12.18-12.27.25:185][ 30]LogFileHelpers: Auto-saving content packages took 0.250
[2017.12.18-13.30.06:560][830]LogSavePackage: Save=181.29ms
[2017.12.18-13.30.06:560][830]LogSavePackage: Moving '../../../../../../Users/Roger/Desktop/Repo DraGone/DraGone/Saved/ThirdPersonCharacterA60CC40B43CEBED60C8F4EA65DA90B6B.tmp' to '../../../../../../Users/Roger/Desktop/Repo DraGone/DraGone/Content/ThirdPersonBP/Blueprints/ThirdPersonCharacter.uasset'
[2017.12.18-13.30.06:570][830]LogSavePackage:Display: Finished SavePackage ../../../../../../Users/Roger/Desktop/Repo DraGone/DraGone/Content/ThirdPersonBP/Blueprints/ThirdPersonCharacter.uasset
[2017.12.18-13.33.17:239][883]LogEditorTransaction: Undo Move Node
[2017.12.18-13.33.18:012][951]LogEditorTransaction: Undo Delete current selection
[2017.12.18-13.33.48:096][496]LogSavePackage: Save=153.84ms
[2017.12.18-13.33.48:096][496]LogSavePackage: Moving '../../../../../../Users/Roger/Desktop/Repo DraGone/DraGone/Saved/ThirdPersonExampleMap_Auto2CF0B52F34FB979EA3B720EA8B1F99847.tmp' to '../../../../../../Users/Roger/Desktop/Repo DraGone/DraGone/Saved/Autosaves/Game/ThirdPersonBP/Maps/ThirdPersonExampleMap_Auto2.umap'
[2017.12.18-13.33.48:120][496]LogSavePackage:Display: Finished SavePackage ../../../../../../Users/Roger/Desktop/Repo DraGone/DraGone/Saved/Autosaves/Game/ThirdPersonBP/Maps/ThirdPersonExampleMap_Auto2.umap
[2017.12.18-13.33.48:123][496]LogFileHelpers: Editor autosave (incl. sublevels) for '/Game/ThirdPersonBP/Maps/ThirdPersonExampleMap' took 0.234
[2017.12.18-13.33.48:124][496]LogFileHelpers: Editor autosave (incl. sublevels) for all levels took 0.234
[2017.12.18-13.33.48:128][496]OBJ SavePackage: Generating thumbnails for [1] asset(s) in package [/Game/ThirdPersonBP/Blueprints/ThirdPersonCharacter] ([1] browsable assets)...
[2017.12.18-13.33.48:145][496]OBJ SavePackage:     Rendered thumbnail for [Blueprint /Game/ThirdPersonBP/Blueprints/ThirdPersonCharacter.ThirdPersonCharacter]
[2017.12.18-13.33.48:145][496]OBJ SavePackage: Finished generating thumbnails for package [/Game/ThirdPersonBP/Blueprints/ThirdPersonCharacter]
[2017.12.18-13.33.48:337][496]LogSavePackage: Save=179.39ms
[2017.12.18-13.33.48:337][496]LogSavePackage: Moving '../../../../../../Users/Roger/Desktop/Repo DraGone/DraGone/Saved/ThirdPersonCharacter_Auto24FA7ACE04E037A7668E5FDA4214EAE66.tmp' to '../../../../../../Users/Roger/Desktop/Repo DraGone/DraGone/Saved/Autosaves/Game/ThirdPersonBP/Blueprints/ThirdPersonCharacter_Auto2.uasset'
[2017.12.18-13.33.48:344][496]LogSavePackage:Display: Finished SavePackage ../../../../../../Users/Roger/Desktop/Repo DraGone/DraGone/Saved/Autosaves/Game/ThirdPersonBP/Blueprints/ThirdPersonCharacter_Auto2.uasset
[2017.12.18-13.33.48:344][496]LogFileHelpers: Auto-saving content packages took 0.219
[2017.12.18-13.35.00:421][ 40]LogSavePackage: Save=181.03ms
[2017.12.18-13.35.00:421][ 40]LogSavePackage: Moving '../../../../../../Users/Roger/Desktop/Repo DraGone/DraGone/Saved/ThirdPersonCharacter2A1287344BC95CC8FF4396A69306948B.tmp' to '../../../../../../Users/Roger/Desktop/Repo DraGone/DraGone/Content/ThirdPersonBP/Blueprints/ThirdPersonCharacter.uasset'
[2017.12.18-13.35.00:431][ 40]LogSavePackage:Display: Finished SavePackage ../../../../../../Users/Roger/Desktop/Repo DraGone/DraGone/Content/ThirdPersonBP/Blueprints/ThirdPersonCharacter.uasset
[2017.12.18-13.35.02:587][242]LogSavePackage: Save=140.43ms
[2017.12.18-13.35.02:587][242]LogSavePackage: Moving '../../../../../../Users/Roger/Desktop/Repo DraGone/DraGone/Saved/ThirdPersonExampleMapFED2406149F0FF4AE8CD1FB670292737.tmp' to '../../../../../../Users/Roger/Desktop/Repo DraGone/DraGone/Content/ThirdPersonBP/Maps/ThirdPersonExampleMap.umap'
[2017.12.18-13.35.02:598][242]LogSavePackage:Display: Finished SavePackage ../../../../../../Users/Roger/Desktop/Repo DraGone/DraGone/Content/ThirdPersonBP/Maps/ThirdPersonExampleMap.umap
[2017.12.18-13.35.02:727][242]LogSavePackage: Save=61.57ms
[2017.12.18-13.35.02:727][242]LogSavePackage: Moving '../../../../../../Users/Roger/Desktop/Repo DraGone/DraGone/Saved/ThirdPersonExampleMap_BuiltDataA3E7F80840C6311A3AA481AAF45F3578.tmp' to '../../../../../../Users/Roger/Desktop/Repo DraGone/DraGone/Content/ThirdPersonBP/Maps/ThirdPersonExampleMap_BuiltData.uasset'
[2017.12.18-13.35.02:732][242]LogSavePackage:Display: Finished SavePackage ../../../../../../Users/Roger/Desktop/Repo DraGone/DraGone/Content/ThirdPersonBP/Maps/ThirdPersonExampleMap_BuiltData.uasset
[2017.12.18-13.35.32:999][819]LogTemp: Repeting last play command: Selected Viewport
[2017.12.18-13.35.33:087][819]LogBlueprintUserMessages: Early PlayInEditor Detection: Level '/Game/ThirdPersonBP/Maps/ThirdPersonExampleMap.ThirdPersonExampleMap:PersistentLevel' has LevelScriptBlueprint '/Game/ThirdPersonBP/Maps/ThirdPersonExampleMap.ThirdPersonExampleMap:PersistentLevel.ThirdPersonExampleMap' with GeneratedClass '/Game/ThirdPersonBP/Maps/ThirdPersonExampleMap.ThirdPersonExampleMap_C' with ClassGeneratedBy '/Game/ThirdPersonBP/Maps/ThirdPersonExampleMap.ThirdPersonExampleMap:PersistentLevel.ThirdPersonExampleMap'
[2017.12.18-13.35.33:087][819]BlueprintLog: New page: Pre-Play auto-recompile
[2017.12.18-13.35.33:087][819]LogPlayLevel: [PlayLevel] Compiling ThirdPersonCharacter before play...
[2017.12.18-13.35.33:346][819]LogPlayLevel: PlayLevel: Blueprint regeneration took 259 ms (1 blueprints)
[2017.12.18-13.35.33:347][819]PIE: New page: PIE session: ThirdPersonExampleMap (Dec 18, 2017, 3:35:33 PM)
[2017.12.18-13.35.33:347][819]LogPlayLevel: Creating play world package: /Game/ThirdPersonBP/Maps/UEDPIE_0_ThirdPersonExampleMap
[2017.12.18-13.35.33:365][819]LogPlayLevel: PIE: StaticDuplicateObject took: (0.018007s)
[2017.12.18-13.35.33:366][819]LogAIModule: Creating AISystem for world ThirdPersonExampleMap
[2017.12.18-13.35.33:366][819]LogPlayLevel: PIE: World Init took: (0.001057s)
[2017.12.18-13.35.33:366][819]LogPlayLevel: PIE: Created PIE world by copying editor world from /Game/ThirdPersonBP/Maps/ThirdPersonExampleMap.ThirdPersonExampleMap to /Game/ThirdPersonBP/Maps/UEDPIE_0_ThirdPersonExampleMap.ThirdPersonExampleMap (0.019313s)
[2017.12.18-13.35.33:417][819]LogInit: XAudio2 using 'Altavoces (Yeti Stereo Microphone)' : 2 channels at 48 kHz using 16 bits per sample (channel mask 0x3)
[2017.12.18-13.35.33:427][819]LogInit: FAudioDevice initialized.
[2017.12.18-13.35.33:488][819]LogLoad: Game class is 'ThirdPersonGameMode_C'
[2017.12.18-13.35.33:492][819]LogWorld: Bringing World /Game/ThirdPersonBP/Maps/UEDPIE_0_ThirdPersonExampleMap.ThirdPersonExampleMap up for play (max tick rate 0) at 2017.12.18-14.35.33
[2017.12.18-13.35.33:492][819]LogWorld: Bringing up level for play took: 0.002335
[2017.12.18-13.35.33:561][819]LogContentBrowser: Native class hierarchy updated for 'MovieSceneCapture' in 0.0007 seconds. Added 11 classes and 0 folders.
[2017.12.18-13.35.33:570][819]PIE: Info Play in editor start time for /Game/ThirdPersonBP/Maps/UEDPIE_0_ThirdPersonExampleMap 0.551
[2017.12.18-13.35.33:570][819]LogBlueprintUserMessages: Late PlayInEditor Detection: Level '/Game/ThirdPersonBP/Maps/ThirdPersonExampleMap.ThirdPersonExampleMap:PersistentLevel' has LevelScriptBlueprint '/Game/ThirdPersonBP/Maps/ThirdPersonExampleMap.ThirdPersonExampleMap:PersistentLevel.ThirdPersonExampleMap' with GeneratedClass '/Game/ThirdPersonBP/Maps/ThirdPersonExampleMap.ThirdPersonExampleMap_C' with ClassGeneratedBy '/Game/ThirdPersonBP/Maps/ThirdPersonExampleMap.ThirdPersonExampleMap:PersistentLevel.ThirdPersonExampleMap'
[2017.12.18-13.35.33:620][819]LogRenderer: Reallocating scene render targets to support 1292x756 NumSamples 1 (Frame:1).
[2017.12.18-13.35.46:235][195]LogBlueprintUserMessages: Early EndPlayMap Detection: Level '/Game/ThirdPersonBP/Maps/ThirdPersonExampleMap.ThirdPersonExampleMap:PersistentLevel' has LevelScriptBlueprint '/Game/ThirdPersonBP/Maps/ThirdPersonExampleMap.ThirdPersonExampleMap:PersistentLevel.ThirdPersonExampleMap' with GeneratedClass '/Game/ThirdPersonBP/Maps/ThirdPersonExampleMap.ThirdPersonExampleMap_C' with ClassGeneratedBy '/Game/ThirdPersonBP/Maps/ThirdPersonExampleMap.ThirdPersonExampleMap:PersistentLevel.ThirdPersonExampleMap'
[2017.12.18-13.35.46:346][195]LogBlueprintUserMessages: Late EndPlayMap Detection: Level '/Game/ThirdPersonBP/Maps/ThirdPersonExampleMap.ThirdPersonExampleMap:PersistentLevel' has LevelScriptBlueprint '/Game/ThirdPersonBP/Maps/ThirdPersonExampleMap.ThirdPersonExampleMap:PersistentLevel.ThirdPersonExampleMap' with GeneratedClass '/Game/ThirdPersonBP/Maps/ThirdPersonExampleMap.ThirdPersonExampleMap_C' with ClassGeneratedBy '/Game/ThirdPersonBP/Maps/ThirdPersonExampleMap.ThirdPersonExampleMap:PersistentLevel.ThirdPersonExampleMap'
[2017.12.18-13.36.50:229][800]LogTemp: Repeting last play command: Selected Viewport
[2017.12.18-13.36.50:247][800]LogBlueprintUserMessages: Early PlayInEditor Detection: Level '/Game/ThirdPersonBP/Maps/ThirdPersonExampleMap.ThirdPersonExampleMap:PersistentLevel' has LevelScriptBlueprint '/Game/ThirdPersonBP/Maps/ThirdPersonExampleMap.ThirdPersonExampleMap:PersistentLevel.ThirdPersonExampleMap' with GeneratedClass '/Game/ThirdPersonBP/Maps/ThirdPersonExampleMap.ThirdPersonExampleMap_C' with ClassGeneratedBy '/Game/ThirdPersonBP/Maps/ThirdPersonExampleMap.ThirdPersonExampleMap:PersistentLevel.ThirdPersonExampleMap'
[2017.12.18-13.36.50:247][800]BlueprintLog: New page: Pre-Play auto-recompile
[2017.12.18-13.36.50:247][800]LogPlayLevel: [PlayLevel] Compiling ThirdPersonCharacter before play...
[2017.12.18-13.36.50:472][800]LogPlayLevel: PlayLevel: Blueprint regeneration took 224 ms (1 blueprints)
[2017.12.18-13.36.50:472][800]PIE: New page: PIE session: ThirdPersonExampleMap (Dec 18, 2017, 3:36:50 PM)
[2017.12.18-13.36.50:472][800]LogPlayLevel: Creating play world package: /Game/ThirdPersonBP/Maps/UEDPIE_0_ThirdPersonExampleMap
[2017.12.18-13.36.50:491][800]LogPlayLevel: PIE: StaticDuplicateObject took: (0.018721s)
[2017.12.18-13.36.50:492][800]LogAIModule: Creating AISystem for world ThirdPersonExampleMap
[2017.12.18-13.36.50:492][800]LogPlayLevel: PIE: World Init took: (0.001031s)
[2017.12.18-13.36.50:492][800]LogPlayLevel: PIE: Created PIE world by copying editor world from /Game/ThirdPersonBP/Maps/ThirdPersonExampleMap.ThirdPersonExampleMap to /Game/ThirdPersonBP/Maps/UEDPIE_0_ThirdPersonExampleMap.ThirdPersonExampleMap (0.019986s)
[2017.12.18-13.36.50:540][800]LogInit: XAudio2 using 'Altavoces (Yeti Stereo Microphone)' : 2 channels at 48 kHz using 16 bits per sample (channel mask 0x3)
[2017.12.18-13.36.50:549][800]LogInit: FAudioDevice initialized.
[2017.12.18-13.36.50:600][800]LogLoad: Game class is 'ThirdPersonGameMode_C'
[2017.12.18-13.36.50:603][800]LogWorld: Bringing World /Game/ThirdPersonBP/Maps/UEDPIE_0_ThirdPersonExampleMap.ThirdPersonExampleMap up for play (max tick rate 0) at 2017.12.18-14.36.50
[2017.12.18-13.36.50:603][800]LogWorld: Bringing up level for play took: 0.002314
[2017.12.18-13.36.50:612][800]PIE: Info Play in editor start time for /Game/ThirdPersonBP/Maps/UEDPIE_0_ThirdPersonExampleMap -0.407
[2017.12.18-13.36.50:612][800]LogBlueprintUserMessages: Late PlayInEditor Detection: Level '/Game/ThirdPersonBP/Maps/ThirdPersonExampleMap.ThirdPersonExampleMap:PersistentLevel' has LevelScriptBlueprint '/Game/ThirdPersonBP/Maps/ThirdPersonExampleMap.ThirdPersonExampleMap:PersistentLevel.ThirdPersonExampleMap' with GeneratedClass '/Game/ThirdPersonBP/Maps/ThirdPersonExampleMap.ThirdPersonExampleMap_C' with ClassGeneratedBy '/Game/ThirdPersonBP/Maps/ThirdPersonExampleMap.ThirdPersonExampleMap:PersistentLevel.ThirdPersonExampleMap'
[2017.12.18-13.37.00:520][895]LogBlueprintUserMessages: Early EndPlayMap Detection: Level '/Game/ThirdPersonBP/Maps/ThirdPersonExampleMap.ThirdPersonExampleMap:PersistentLevel' has LevelScriptBlueprint '/Game/ThirdPersonBP/Maps/ThirdPersonExampleMap.ThirdPersonExampleMap:PersistentLevel.ThirdPersonExampleMap' with GeneratedClass '/Game/ThirdPersonBP/Maps/ThirdPersonExampleMap.ThirdPersonExampleMap_C' with ClassGeneratedBy '/Game/ThirdPersonBP/Maps/ThirdPersonExampleMap.ThirdPersonExampleMap:PersistentLevel.ThirdPersonExampleMap'
[2017.12.18-13.37.00:638][895]LogBlueprintUserMessages: Late EndPlayMap Detection: Level '/Game/ThirdPersonBP/Maps/ThirdPersonExampleMap.ThirdPersonExampleMap:PersistentLevel' has LevelScriptBlueprint '/Game/ThirdPersonBP/Maps/ThirdPersonExampleMap.ThirdPersonExampleMap:PersistentLevel.ThirdPersonExampleMap' with GeneratedClass '/Game/ThirdPersonBP/Maps/ThirdPersonExampleMap.ThirdPersonExampleMap_C' with ClassGeneratedBy '/Game/ThirdPersonBP/Maps/ThirdPersonExampleMap.ThirdPersonExampleMap:PersistentLevel.ThirdPersonExampleMap'
[2017.12.18-13.37.02:088][ 24]LogSavePackage: Save=168.80ms
[2017.12.18-13.37.02:088][ 24]LogSavePackage: Moving '../../../../../../Users/Roger/Desktop/Repo DraGone/DraGone/Saved/ThirdPersonCharacterDFFD3F5E43A0182564E6F0AE77CBF9B3.tmp' to '../../../../../../Users/Roger/Desktop/Repo DraGone/DraGone/Content/ThirdPersonBP/Blueprints/ThirdPersonCharacter.uasset'
[2017.12.18-13.37.02:097][ 24]LogSavePackage:Display: Finished SavePackage ../../../../../../Users/Roger/Desktop/Repo DraGone/DraGone/Content/ThirdPersonBP/Blueprints/ThirdPersonCharacter.uasset
[2017.12.18-13.45.26:569][849]LogSavePackage: Save=134.90ms
[2017.12.18-13.45.26:569][849]LogSavePackage: Moving '../../../../../../Users/Roger/Desktop/Repo DraGone/DraGone/Saved/ThirdPersonExampleMap_Auto38E31414245C9F8E6A6A0A1B4EA54D918.tmp' to '../../../../../../Users/Roger/Desktop/Repo DraGone/DraGone/Saved/Autosaves/Game/ThirdPersonBP/Maps/ThirdPersonExampleMap_Auto3.umap'
[2017.12.18-13.45.26:575][849]LogSavePackage:Display: Finished SavePackage ../../../../../../Users/Roger/Desktop/Repo DraGone/DraGone/Saved/Autosaves/Game/ThirdPersonBP/Maps/ThirdPersonExampleMap_Auto3.umap
[2017.12.18-13.45.26:578][849]LogFileHelpers: Editor autosave (incl. sublevels) for '/Game/ThirdPersonBP/Maps/ThirdPersonExampleMap' took 0.187
[2017.12.18-13.45.26:578][849]LogFileHelpers: Editor autosave (incl. sublevels) for all levels took 0.187
[2017.12.18-13.55.18:530][796]LogTemp: Repeting last play command: Selected Viewport
[2017.12.18-13.55.18:549][796]LogBlueprintUserMessages: Early PlayInEditor Detection: Level '/Game/ThirdPersonBP/Maps/ThirdPersonExampleMap.ThirdPersonExampleMap:PersistentLevel' has LevelScriptBlueprint '/Game/ThirdPersonBP/Maps/ThirdPersonExampleMap.ThirdPersonExampleMap:PersistentLevel.ThirdPersonExampleMap' with GeneratedClass '/Game/ThirdPersonBP/Maps/ThirdPersonExampleMap.ThirdPersonExampleMap_C' with ClassGeneratedBy '/Game/ThirdPersonBP/Maps/ThirdPersonExampleMap.ThirdPersonExampleMap:PersistentLevel.ThirdPersonExampleMap'
[2017.12.18-13.55.18:549][796]LogPlayLevel: PlayLevel: No blueprints needed recompiling
[2017.12.18-13.55.18:550][796]PIE: New page: PIE session: ThirdPersonExampleMap (Dec 18, 2017, 3:55:18 PM)
[2017.12.18-13.55.18:550][796]LogPlayLevel: Creating play world package: /Game/ThirdPersonBP/Maps/UEDPIE_0_ThirdPersonExampleMap
[2017.12.18-13.55.18:572][796]LogPlayLevel: PIE: StaticDuplicateObject took: (0.022275s)
[2017.12.18-13.55.18:573][796]LogAIModule: Creating AISystem for world ThirdPersonExampleMap
[2017.12.18-13.55.18:574][796]LogPlayLevel: PIE: World Init took: (0.001514s)
[2017.12.18-13.55.18:574][796]LogPlayLevel: PIE: Created PIE world by copying editor world from /Game/ThirdPersonBP/Maps/ThirdPersonExampleMap.ThirdPersonExampleMap to /Game/ThirdPersonBP/Maps/UEDPIE_0_ThirdPersonExampleMap.ThirdPersonExampleMap (0.024303s)
[2017.12.18-13.55.18:635][796]LogInit: XAudio2 using 'Altavoces (Yeti Stereo Microphone)' : 2 channels at 48 kHz using 16 bits per sample (channel mask 0x3)
[2017.12.18-13.55.18:642][796]LogInit: FAudioDevice initialized.
[2017.12.18-13.55.18:687][796]LogLoad: Game class is 'ThirdPersonGameMode_C'
[2017.12.18-13.55.18:691][796]LogWorld: Bringing World /Game/ThirdPersonBP/Maps/UEDPIE_0_ThirdPersonExampleMap.ThirdPersonExampleMap up for play (max tick rate 0) at 2017.12.18-14.55.18
[2017.12.18-13.55.18:691][796]LogWorld: Bringing up level for play took: 0.002527
[2017.12.18-13.55.18:700][796]PIE: Info Play in editor start time for /Game/ThirdPersonBP/Maps/UEDPIE_0_ThirdPersonExampleMap -0.319
[2017.12.18-13.55.18:700][796]LogBlueprintUserMessages: Late PlayInEditor Detection: Level '/Game/ThirdPersonBP/Maps/ThirdPersonExampleMap.ThirdPersonExampleMap:PersistentLevel' has LevelScriptBlueprint '/Game/ThirdPersonBP/Maps/ThirdPersonExampleMap.ThirdPersonExampleMap:PersistentLevel.ThirdPersonExampleMap' with GeneratedClass '/Game/ThirdPersonBP/Maps/ThirdPersonExampleMap.ThirdPersonExampleMap_C' with ClassGeneratedBy '/Game/ThirdPersonBP/Maps/ThirdPersonExampleMap.ThirdPersonExampleMap:PersistentLevel.ThirdPersonExampleMap'
[2017.12.18-13.55.43:766][594]LogBlueprintUserMessages: Early EndPlayMap Detection: Level '/Game/ThirdPersonBP/Maps/ThirdPersonExampleMap.ThirdPersonExampleMap:PersistentLevel' has LevelScriptBlueprint '/Game/ThirdPersonBP/Maps/ThirdPersonExampleMap.ThirdPersonExampleMap:PersistentLevel.ThirdPersonExampleMap' with GeneratedClass '/Game/ThirdPersonBP/Maps/ThirdPersonExampleMap.ThirdPersonExampleMap_C' with ClassGeneratedBy '/Game/ThirdPersonBP/Maps/ThirdPersonExampleMap.ThirdPersonExampleMap:PersistentLevel.ThirdPersonExampleMap'
[2017.12.18-13.55.43:883][594]LogBlueprintUserMessages: Late EndPlayMap Detection: Level '/Game/ThirdPersonBP/Maps/ThirdPersonExampleMap.ThirdPersonExampleMap:PersistentLevel' has LevelScriptBlueprint '/Game/ThirdPersonBP/Maps/ThirdPersonExampleMap.ThirdPersonExampleMap:PersistentLevel.ThirdPersonExampleMap' with GeneratedClass '/Game/ThirdPersonBP/Maps/ThirdPersonExampleMap.ThirdPersonExampleMap_C' with ClassGeneratedBy '/Game/ThirdPersonBP/Maps/ThirdPersonExampleMap.ThirdPersonExampleMap:PersistentLevel.ThirdPersonExampleMap'
[2017.12.18-13.56.46:988][534]LogTemp: Repeting last play command: Selected Viewport
[2017.12.18-13.56.47:005][534]LogBlueprintUserMessages: Early PlayInEditor Detection: Level '/Game/ThirdPersonBP/Maps/ThirdPersonExampleMap.ThirdPersonExampleMap:PersistentLevel' has LevelScriptBlueprint '/Game/ThirdPersonBP/Maps/ThirdPersonExampleMap.ThirdPersonExampleMap:PersistentLevel.ThirdPersonExampleMap' with GeneratedClass '/Game/ThirdPersonBP/Maps/ThirdPersonExampleMap.ThirdPersonExampleMap_C' with ClassGeneratedBy '/Game/ThirdPersonBP/Maps/ThirdPersonExampleMap.ThirdPersonExampleMap:PersistentLevel.ThirdPersonExampleMap'
[2017.12.18-13.56.47:005][534]BlueprintLog: New page: Pre-Play auto-recompile
[2017.12.18-13.56.47:005][534]LogPlayLevel: [PlayLevel] Compiling ThirdPersonCharacter before play...
[2017.12.18-13.56.47:231][534]LogPlayLevel: PlayLevel: Blueprint regeneration took 226 ms (1 blueprints)
[2017.12.18-13.56.47:232][534]PIE: New page: PIE session: ThirdPersonExampleMap (Dec 18, 2017, 3:56:47 PM)
[2017.12.18-13.56.47:232][534]LogPlayLevel: Creating play world package: /Game/ThirdPersonBP/Maps/UEDPIE_0_ThirdPersonExampleMap
[2017.12.18-13.56.47:250][534]LogPlayLevel: PIE: StaticDuplicateObject took: (0.018566s)
[2017.12.18-13.56.47:251][534]LogAIModule: Creating AISystem for world ThirdPersonExampleMap
[2017.12.18-13.56.47:251][534]LogPlayLevel: PIE: World Init took: (0.000875s)
[2017.12.18-13.56.47:251][534]LogPlayLevel: PIE: Created PIE world by copying editor world from /Game/ThirdPersonBP/Maps/ThirdPersonExampleMap.ThirdPersonExampleMap to /Game/ThirdPersonBP/Maps/UEDPIE_0_ThirdPersonExampleMap.ThirdPersonExampleMap (0.019684s)
[2017.12.18-13.56.47:317][534]LogInit: XAudio2 using 'Altavoces (Yeti Stereo Microphone)' : 2 channels at 48 kHz using 16 bits per sample (channel mask 0x3)
[2017.12.18-13.56.47:328][534]LogInit: FAudioDevice initialized.
[2017.12.18-13.56.47:366][534]LogLoad: Game class is 'ThirdPersonGameMode_C'
[2017.12.18-13.56.47:369][534]LogWorld: Bringing World /Game/ThirdPersonBP/Maps/UEDPIE_0_ThirdPersonExampleMap.ThirdPersonExampleMap up for play (max tick rate 0) at 2017.12.18-14.56.47
[2017.12.18-13.56.47:370][534]LogWorld: Bringing up level for play took: 0.002657
[2017.12.18-13.56.47:374][534]PIE: Info Play in editor start time for /Game/ThirdPersonBP/Maps/UEDPIE_0_ThirdPersonExampleMap 0.355
[2017.12.18-13.56.47:375][534]LogBlueprintUserMessages: Late PlayInEditor Detection: Level '/Game/ThirdPersonBP/Maps/ThirdPersonExampleMap.ThirdPersonExampleMap:PersistentLevel' has LevelScriptBlueprint '/Game/ThirdPersonBP/Maps/ThirdPersonExampleMap.ThirdPersonExampleMap:PersistentLevel.ThirdPersonExampleMap' with GeneratedClass '/Game/ThirdPersonBP/Maps/ThirdPersonExampleMap.ThirdPersonExampleMap_C' with ClassGeneratedBy '/Game/ThirdPersonBP/Maps/ThirdPersonExampleMap.ThirdPersonExampleMap:PersistentLevel.ThirdPersonExampleMap'
[2017.12.18-13.57.00:161][352]LogBlueprintUserMessages: Early EndPlayMap Detection: Level '/Game/ThirdPersonBP/Maps/ThirdPersonExampleMap.ThirdPersonExampleMap:PersistentLevel' has LevelScriptBlueprint '/Game/ThirdPersonBP/Maps/ThirdPersonExampleMap.ThirdPersonExampleMap:PersistentLevel.ThirdPersonExampleMap' with GeneratedClass '/Game/ThirdPersonBP/Maps/ThirdPersonExampleMap.ThirdPersonExampleMap_C' with ClassGeneratedBy '/Game/ThirdPersonBP/Maps/ThirdPersonExampleMap.ThirdPersonExampleMap:PersistentLevel.ThirdPersonExampleMap'
[2017.12.18-13.57.00:267][352]LogBlueprintUserMessages: Late EndPlayMap Detection: Level '/Game/ThirdPersonBP/Maps/ThirdPersonExampleMap.ThirdPersonExampleMap:PersistentLevel' has LevelScriptBlueprint '/Game/ThirdPersonBP/Maps/ThirdPersonExampleMap.ThirdPersonExampleMap:PersistentLevel.ThirdPersonExampleMap' with GeneratedClass '/Game/ThirdPersonBP/Maps/ThirdPersonExampleMap.ThirdPersonExampleMap_C' with ClassGeneratedBy '/Game/ThirdPersonBP/Maps/ThirdPersonExampleMap.ThirdPersonExampleMap:PersistentLevel.ThirdPersonExampleMap'
[2017.12.18-13.57.02:394][503]LogEditorTransaction: Undo Move Node
[2017.12.18-13.57.04:241][630]LogEditorTransaction: Undo Resize Node
[2017.12.18-13.57.04:937][669]LogEditorTransaction: Undo Move Node
[2017.12.18-13.57.05:515][699]LogEditorTransaction: Undo Resize Node
[2017.12.18-13.57.06:095][731]LogEditorTransaction: Undo Create Pin Link
[2017.12.18-13.57.06:588][753]LogEditorTransaction: Undo Paste clipboard contents
[2017.12.18-13.57.07:099][777]LogEditorTransaction: Undo Create Pin Link
[2017.12.18-13.57.07:590][800]LogEditorTransaction: Undo Move Node
[2017.12.18-13.57.08:075][825]LogEditorTransaction: Undo Resize Node
[2017.12.18-13.57.08:597][852]LogEditorTransaction: Undo Delete current selection
[2017.12.18-13.57.09:035][872]LogEditorTransaction: Undo Delete current selection
[2017.12.18-13.57.12:000][ 89]LogTemp: Repeting last play command: Selected Viewport
[2017.12.18-13.57.12:017][ 89]LogBlueprintUserMessages: Early PlayInEditor Detection: Level '/Game/ThirdPersonBP/Maps/ThirdPersonExampleMap.ThirdPersonExampleMap:PersistentLevel' has LevelScriptBlueprint '/Game/ThirdPersonBP/Maps/ThirdPersonExampleMap.ThirdPersonExampleMap:PersistentLevel.ThirdPersonExampleMap' with GeneratedClass '/Game/ThirdPersonBP/Maps/ThirdPersonExampleMap.ThirdPersonExampleMap_C' with ClassGeneratedBy '/Game/ThirdPersonBP/Maps/ThirdPersonExampleMap.ThirdPersonExampleMap:PersistentLevel.ThirdPersonExampleMap'
[2017.12.18-13.57.12:017][ 89]BlueprintLog: New page: Pre-Play auto-recompile
[2017.12.18-13.57.12:017][ 89]LogPlayLevel: [PlayLevel] Compiling ThirdPersonCharacter before play...
[2017.12.18-13.57.12:244][ 89]LogPlayLevel: PlayLevel: Blueprint regeneration took 227 ms (1 blueprints)
[2017.12.18-13.57.12:244][ 89]PIE: New page: PIE session: ThirdPersonExampleMap (Dec 18, 2017, 3:57:12 PM)
[2017.12.18-13.57.12:244][ 89]LogPlayLevel: Creating play world package: /Game/ThirdPersonBP/Maps/UEDPIE_0_ThirdPersonExampleMap
[2017.12.18-13.57.12:260][ 89]LogPlayLevel: PIE: StaticDuplicateObject took: (0.015330s)
[2017.12.18-13.57.12:261][ 89]LogAIModule: Creating AISystem for world ThirdPersonExampleMap
[2017.12.18-13.57.12:261][ 89]LogPlayLevel: PIE: World Init took: (0.001636s)
[2017.12.18-13.57.12:262][ 89]LogPlayLevel: PIE: Created PIE world by copying editor world from /Game/ThirdPersonBP/Maps/ThirdPersonExampleMap.ThirdPersonExampleMap to /Game/ThirdPersonBP/Maps/UEDPIE_0_ThirdPersonExampleMap.ThirdPersonExampleMap (0.017222s)
[2017.12.18-13.57.12:330][ 89]LogInit: XAudio2 using 'Altavoces (Yeti Stereo Microphone)' : 2 channels at 48 kHz using 16 bits per sample (channel mask 0x3)
[2017.12.18-13.57.12:339][ 89]LogInit: FAudioDevice initialized.
[2017.12.18-13.57.12:381][ 89]LogLoad: Game class is 'ThirdPersonGameMode_C'
[2017.12.18-13.57.12:385][ 89]LogWorld: Bringing World /Game/ThirdPersonBP/Maps/UEDPIE_0_ThirdPersonExampleMap.ThirdPersonExampleMap up for play (max tick rate 0) at 2017.12.18-14.57.12
[2017.12.18-13.57.12:385][ 89]LogWorld: Bringing up level for play took: 0.002408
[2017.12.18-13.57.12:391][ 89]PIE: Info Play in editor start time for /Game/ThirdPersonBP/Maps/UEDPIE_0_ThirdPersonExampleMap 1.372
[2017.12.18-13.57.12:392][ 89]LogBlueprintUserMessages: Late PlayInEditor Detection: Level '/Game/ThirdPersonBP/Maps/ThirdPersonExampleMap.ThirdPersonExampleMap:PersistentLevel' has LevelScriptBlueprint '/Game/ThirdPersonBP/Maps/ThirdPersonExampleMap.ThirdPersonExampleMap:PersistentLevel.ThirdPersonExampleMap' with GeneratedClass '/Game/ThirdPersonBP/Maps/ThirdPersonExampleMap.ThirdPersonExampleMap_C' with ClassGeneratedBy '/Game/ThirdPersonBP/Maps/ThirdPersonExampleMap.ThirdPersonExampleMap:PersistentLevel.ThirdPersonExampleMap'
[2017.12.18-13.57.27:767][106]LogBlueprintUserMessages: Early EndPlayMap Detection: Level '/Game/ThirdPersonBP/Maps/ThirdPersonExampleMap.ThirdPersonExampleMap:PersistentLevel' has LevelScriptBlueprint '/Game/ThirdPersonBP/Maps/ThirdPersonExampleMap.ThirdPersonExampleMap:PersistentLevel.ThirdPersonExampleMap' with GeneratedClass '/Game/ThirdPersonBP/Maps/ThirdPersonExampleMap.ThirdPersonExampleMap_C' with ClassGeneratedBy '/Game/ThirdPersonBP/Maps/ThirdPersonExampleMap.ThirdPersonExampleMap:PersistentLevel.ThirdPersonExampleMap'
[2017.12.18-13.57.27:882][106]LogBlueprintUserMessages: Late EndPlayMap Detection: Level '/Game/ThirdPersonBP/Maps/ThirdPersonExampleMap.ThirdPersonExampleMap:PersistentLevel' has LevelScriptBlueprint '/Game/ThirdPersonBP/Maps/ThirdPersonExampleMap.ThirdPersonExampleMap:PersistentLevel.ThirdPersonExampleMap' with GeneratedClass '/Game/ThirdPersonBP/Maps/ThirdPersonExampleMap.ThirdPersonExampleMap_C' with ClassGeneratedBy '/Game/ThirdPersonBP/Maps/ThirdPersonExampleMap.ThirdPersonExampleMap:PersistentLevel.ThirdPersonExampleMap'
[2017.12.18-13.57.42:780][489]LogSavePackage: Save=167.91ms
[2017.12.18-13.57.42:780][489]LogSavePackage: Moving '../../../../../../Users/Roger/Desktop/Repo DraGone/DraGone/Saved/ThirdPersonCharacter1B0FC01341D675C0D6A27EADF68ADE1A.tmp' to '../../../../../../Users/Roger/Desktop/Repo DraGone/DraGone/Content/ThirdPersonBP/Blueprints/ThirdPersonCharacter.uasset'
[2017.12.18-13.57.42:790][489]LogSavePackage:Display: Finished SavePackage ../../../../../../Users/Roger/Desktop/Repo DraGone/DraGone/Content/ThirdPersonBP/Blueprints/ThirdPersonCharacter.uasset
[2017.12.18-13.57.44:074][588]LogTemp: Repeting last play command: Selected Viewport
[2017.12.18-13.57.44:089][588]LogBlueprintUserMessages: Early PlayInEditor Detection: Level '/Game/ThirdPersonBP/Maps/ThirdPersonExampleMap.ThirdPersonExampleMap:PersistentLevel' has LevelScriptBlueprint '/Game/ThirdPersonBP/Maps/ThirdPersonExampleMap.ThirdPersonExampleMap:PersistentLevel.ThirdPersonExampleMap' with GeneratedClass '/Game/ThirdPersonBP/Maps/ThirdPersonExampleMap.ThirdPersonExampleMap_C' with ClassGeneratedBy '/Game/ThirdPersonBP/Maps/ThirdPersonExampleMap.ThirdPersonExampleMap:PersistentLevel.ThirdPersonExampleMap'
[2017.12.18-13.57.44:089][588]BlueprintLog: New page: Pre-Play auto-recompile
[2017.12.18-13.57.44:089][588]LogPlayLevel: [PlayLevel] Compiling ThirdPersonCharacter before play...
[2017.12.18-13.57.44:300][588]LogPlayLevel: PlayLevel: Blueprint regeneration took 211 ms (1 blueprints)
[2017.12.18-13.57.44:300][588]PIE: New page: PIE session: ThirdPersonExampleMap (Dec 18, 2017, 3:57:44 PM)
[2017.12.18-13.57.44:300][588]LogPlayLevel: Creating play world package: /Game/ThirdPersonBP/Maps/UEDPIE_0_ThirdPersonExampleMap
[2017.12.18-13.57.44:315][588]LogPlayLevel: PIE: StaticDuplicateObject took: (0.014286s)
[2017.12.18-13.57.44:315][588]LogAIModule: Creating AISystem for world ThirdPersonExampleMap
[2017.12.18-13.57.44:316][588]LogPlayLevel: PIE: World Init took: (0.000946s)
[2017.12.18-13.57.44:316][588]LogPlayLevel: PIE: Created PIE world by copying editor world from /Game/ThirdPersonBP/Maps/ThirdPersonExampleMap.ThirdPersonExampleMap to /Game/ThirdPersonBP/Maps/UEDPIE_0_ThirdPersonExampleMap.ThirdPersonExampleMap (0.015488s)
[2017.12.18-13.57.44:361][588]LogInit: XAudio2 using 'Altavoces (Yeti Stereo Microphone)' : 2 channels at 48 kHz using 16 bits per sample (channel mask 0x3)
[2017.12.18-13.57.44:369][588]LogInit: FAudioDevice initialized.
[2017.12.18-13.57.44:403][588]LogLoad: Game class is 'ThirdPersonGameMode_C'
[2017.12.18-13.57.44:406][588]LogWorld: Bringing World /Game/ThirdPersonBP/Maps/UEDPIE_0_ThirdPersonExampleMap.ThirdPersonExampleMap up for play (max tick rate 0) at 2017.12.18-14.57.44
[2017.12.18-13.57.44:407][588]LogWorld: Bringing up level for play took: 0.002209
[2017.12.18-13.57.44:408][588]PIE: Info Play in editor start time for /Game/ThirdPersonBP/Maps/UEDPIE_0_ThirdPersonExampleMap -0.611
[2017.12.18-13.57.44:408][588]LogBlueprintUserMessages: Late PlayInEditor Detection: Level '/Game/ThirdPersonBP/Maps/ThirdPersonExampleMap.ThirdPersonExampleMap:PersistentLevel' has LevelScriptBlueprint '/Game/ThirdPersonBP/Maps/ThirdPersonExampleMap.ThirdPersonExampleMap:PersistentLevel.ThirdPersonExampleMap' with GeneratedClass '/Game/ThirdPersonBP/Maps/ThirdPersonExampleMap.ThirdPersonExampleMap_C' with ClassGeneratedBy '/Game/ThirdPersonBP/Maps/ThirdPersonExampleMap.ThirdPersonExampleMap:PersistentLevel.ThirdPersonExampleMap'
[2017.12.18-13.57.48:646][ 94]LogBlueprintUserMessages: Early EndPlayMap Detection: Level '/Game/ThirdPersonBP/Maps/ThirdPersonExampleMap.ThirdPersonExampleMap:PersistentLevel' has LevelScriptBlueprint '/Game/ThirdPersonBP/Maps/ThirdPersonExampleMap.ThirdPersonExampleMap:PersistentLevel.ThirdPersonExampleMap' with GeneratedClass '/Game/ThirdPersonBP/Maps/ThirdPersonExampleMap.ThirdPersonExampleMap_C' with ClassGeneratedBy '/Game/ThirdPersonBP/Maps/ThirdPersonExampleMap.ThirdPersonExampleMap:PersistentLevel.ThirdPersonExampleMap'
[2017.12.18-13.57.48:735][ 94]LogBlueprintUserMessages: Late EndPlayMap Detection: Level '/Game/ThirdPersonBP/Maps/ThirdPersonExampleMap.ThirdPersonExampleMap:PersistentLevel' has LevelScriptBlueprint '/Game/ThirdPersonBP/Maps/ThirdPersonExampleMap.ThirdPersonExampleMap:PersistentLevel.ThirdPersonExampleMap' with GeneratedClass '/Game/ThirdPersonBP/Maps/ThirdPersonExampleMap.ThirdPersonExampleMap_C' with ClassGeneratedBy '/Game/ThirdPersonBP/Maps/ThirdPersonExampleMap.ThirdPersonExampleMap:PersistentLevel.ThirdPersonExampleMap'
[2017.12.18-13.57.50:289][202]LogTemp: Repeting last play command: Selected Viewport
[2017.12.18-13.57.50:306][202]LogBlueprintUserMessages: Early PlayInEditor Detection: Level '/Game/ThirdPersonBP/Maps/ThirdPersonExampleMap.ThirdPersonExampleMap:PersistentLevel' has LevelScriptBlueprint '/Game/ThirdPersonBP/Maps/ThirdPersonExampleMap.ThirdPersonExampleMap:PersistentLevel.ThirdPersonExampleMap' with GeneratedClass '/Game/ThirdPersonBP/Maps/ThirdPersonExampleMap.ThirdPersonExampleMap_C' with ClassGeneratedBy '/Game/ThirdPersonBP/Maps/ThirdPersonExampleMap.ThirdPersonExampleMap:PersistentLevel.ThirdPersonExampleMap'
[2017.12.18-13.57.50:306][202]LogPlayLevel: PlayLevel: No blueprints needed recompiling
[2017.12.18-13.57.50:307][202]PIE: New page: PIE session: ThirdPersonExampleMap (Dec 18, 2017, 3:57:50 PM)
[2017.12.18-13.57.50:307][202]LogPlayLevel: Creating play world package: /Game/ThirdPersonBP/Maps/UEDPIE_0_ThirdPersonExampleMap
[2017.12.18-13.57.50:323][202]LogPlayLevel: PIE: StaticDuplicateObject took: (0.016445s)
[2017.12.18-13.57.50:324][202]LogAIModule: Creating AISystem for world ThirdPersonExampleMap
[2017.12.18-13.57.50:324][202]LogPlayLevel: PIE: World Init took: (0.001035s)
[2017.12.18-13.57.50:324][202]LogPlayLevel: PIE: Created PIE world by copying editor world from /Game/ThirdPersonBP/Maps/ThirdPersonExampleMap.ThirdPersonExampleMap to /Game/ThirdPersonBP/Maps/UEDPIE_0_ThirdPersonExampleMap.ThirdPersonExampleMap (0.017755s)
[2017.12.18-13.57.50:384][202]LogInit: XAudio2 using 'Altavoces (Yeti Stereo Microphone)' : 2 channels at 48 kHz using 16 bits per sample (channel mask 0x3)
[2017.12.18-13.57.50:392][202]LogInit: FAudioDevice initialized.
[2017.12.18-13.57.50:434][202]LogLoad: Game class is 'ThirdPersonGameMode_C'
[2017.12.18-13.57.50:437][202]LogWorld: Bringing World /Game/ThirdPersonBP/Maps/UEDPIE_0_ThirdPersonExampleMap.ThirdPersonExampleMap up for play (max tick rate 0) at 2017.12.18-14.57.50
[2017.12.18-13.57.50:438][202]LogWorld: Bringing up level for play took: 0.002434
[2017.12.18-13.57.50:442][202]PIE: Info Play in editor start time for /Game/ThirdPersonBP/Maps/UEDPIE_0_ThirdPersonExampleMap -0.576
[2017.12.18-13.57.50:443][202]LogBlueprintUserMessages: Late PlayInEditor Detection: Level '/Game/ThirdPersonBP/Maps/ThirdPersonExampleMap.ThirdPersonExampleMap:PersistentLevel' has LevelScriptBlueprint '/Game/ThirdPersonBP/Maps/ThirdPersonExampleMap.ThirdPersonExampleMap:PersistentLevel.ThirdPersonExampleMap' with GeneratedClass '/Game/ThirdPersonBP/Maps/ThirdPersonExampleMap.ThirdPersonExampleMap_C' with ClassGeneratedBy '/Game/ThirdPersonBP/Maps/ThirdPersonExampleMap.ThirdPersonExampleMap:PersistentLevel.ThirdPersonExampleMap'
[2017.12.18-13.57.51:882][287]LogBlueprintUserMessages: Early EndPlayMap Detection: Level '/Game/ThirdPersonBP/Maps/ThirdPersonExampleMap.ThirdPersonExampleMap:PersistentLevel' has LevelScriptBlueprint '/Game/ThirdPersonBP/Maps/ThirdPersonExampleMap.ThirdPersonExampleMap:PersistentLevel.ThirdPersonExampleMap' with GeneratedClass '/Game/ThirdPersonBP/Maps/ThirdPersonExampleMap.ThirdPersonExampleMap_C' with ClassGeneratedBy '/Game/ThirdPersonBP/Maps/ThirdPersonExampleMap.ThirdPersonExampleMap:PersistentLevel.ThirdPersonExampleMap'
[2017.12.18-13.57.51:984][287]LogBlueprintUserMessages: Late EndPlayMap Detection: Level '/Game/ThirdPersonBP/Maps/ThirdPersonExampleMap.ThirdPersonExampleMap:PersistentLevel' has LevelScriptBlueprint '/Game/ThirdPersonBP/Maps/ThirdPersonExampleMap.ThirdPersonExampleMap:PersistentLevel.ThirdPersonExampleMap' with GeneratedClass '/Game/ThirdPersonBP/Maps/ThirdPersonExampleMap.ThirdPersonExampleMap_C' with ClassGeneratedBy '/Game/ThirdPersonBP/Maps/ThirdPersonExampleMap.ThirdPersonExampleMap:PersistentLevel.ThirdPersonExampleMap'
[2017.12.18-13.58.02:584][ 50]LogTemp: Repeting last play command: Selected Viewport
[2017.12.18-13.58.02:603][ 50]LogBlueprintUserMessages: Early PlayInEditor Detection: Level '/Game/ThirdPersonBP/Maps/ThirdPersonExampleMap.ThirdPersonExampleMap:PersistentLevel' has LevelScriptBlueprint '/Game/ThirdPersonBP/Maps/ThirdPersonExampleMap.ThirdPersonExampleMap:PersistentLevel.ThirdPersonExampleMap' with GeneratedClass '/Game/ThirdPersonBP/Maps/ThirdPersonExampleMap.ThirdPersonExampleMap_C' with ClassGeneratedBy '/Game/ThirdPersonBP/Maps/ThirdPersonExampleMap.ThirdPersonExampleMap:PersistentLevel.ThirdPersonExampleMap'
[2017.12.18-13.58.02:603][ 50]LogPlayLevel: PlayLevel: No blueprints needed recompiling
[2017.12.18-13.58.02:603][ 50]PIE: New page: PIE session: ThirdPersonExampleMap (Dec 18, 2017, 3:58:02 PM)
[2017.12.18-13.58.02:603][ 50]LogPlayLevel: Creating play world package: /Game/ThirdPersonBP/Maps/UEDPIE_0_ThirdPersonExampleMap
[2017.12.18-13.58.02:619][ 50]LogPlayLevel: PIE: StaticDuplicateObject took: (0.015995s)
[2017.12.18-13.58.02:620][ 50]LogAIModule: Creating AISystem for world ThirdPersonExampleMap
[2017.12.18-13.58.02:620][ 50]LogPlayLevel: PIE: World Init took: (0.000844s)
[2017.12.18-13.58.02:620][ 50]LogPlayLevel: PIE: Created PIE world by copying editor world from /Game/ThirdPersonBP/Maps/ThirdPersonExampleMap.ThirdPersonExampleMap to /Game/ThirdPersonBP/Maps/UEDPIE_0_ThirdPersonExampleMap.ThirdPersonExampleMap (0.017094s)
[2017.12.18-13.58.02:670][ 50]LogInit: XAudio2 using 'Altavoces (Yeti Stereo Microphone)' : 2 channels at 48 kHz using 16 bits per sample (channel mask 0x3)
[2017.12.18-13.58.02:680][ 50]LogInit: FAudioDevice initialized.
[2017.12.18-13.58.02:727][ 50]LogLoad: Game class is 'ThirdPersonGameMode_C'
[2017.12.18-13.58.02:730][ 50]LogWorld: Bringing World /Game/ThirdPersonBP/Maps/UEDPIE_0_ThirdPersonExampleMap.ThirdPersonExampleMap up for play (max tick rate 0) at 2017.12.18-14.58.02
[2017.12.18-13.58.02:730][ 50]LogWorld: Bringing up level for play took: 0.002252
[2017.12.18-13.58.02:737][ 50]PIE: Info Play in editor start time for /Game/ThirdPersonBP/Maps/UEDPIE_0_ThirdPersonExampleMap -0.282
[2017.12.18-13.58.02:737][ 50]LogBlueprintUserMessages: Late PlayInEditor Detection: Level '/Game/ThirdPersonBP/Maps/ThirdPersonExampleMap.ThirdPersonExampleMap:PersistentLevel' has LevelScriptBlueprint '/Game/ThirdPersonBP/Maps/ThirdPersonExampleMap.ThirdPersonExampleMap:PersistentLevel.ThirdPersonExampleMap' with GeneratedClass '/Game/ThirdPersonBP/Maps/ThirdPersonExampleMap.ThirdPersonExampleMap_C' with ClassGeneratedBy '/Game/ThirdPersonBP/Maps/ThirdPersonExampleMap.ThirdPersonExampleMap:PersistentLevel.ThirdPersonExampleMap'
[2017.12.18-13.58.04:894][227]LogBlueprintUserMessages: Early EndPlayMap Detection: Level '/Game/ThirdPersonBP/Maps/ThirdPersonExampleMap.ThirdPersonExampleMap:PersistentLevel' has LevelScriptBlueprint '/Game/ThirdPersonBP/Maps/ThirdPersonExampleMap.ThirdPersonExampleMap:PersistentLevel.ThirdPersonExampleMap' with GeneratedClass '/Game/ThirdPersonBP/Maps/ThirdPersonExampleMap.ThirdPersonExampleMap_C' with ClassGeneratedBy '/Game/ThirdPersonBP/Maps/ThirdPersonExampleMap.ThirdPersonExampleMap:PersistentLevel.ThirdPersonExampleMap'
[2017.12.18-13.58.05:001][227]LogBlueprintUserMessages: Late EndPlayMap Detection: Level '/Game/ThirdPersonBP/Maps/ThirdPersonExampleMap.ThirdPersonExampleMap:PersistentLevel' has LevelScriptBlueprint '/Game/ThirdPersonBP/Maps/ThirdPersonExampleMap.ThirdPersonExampleMap:PersistentLevel.ThirdPersonExampleMap' with GeneratedClass '/Game/ThirdPersonBP/Maps/ThirdPersonExampleMap.ThirdPersonExampleMap_C' with ClassGeneratedBy '/Game/ThirdPersonBP/Maps/ThirdPersonExampleMap.ThirdPersonExampleMap:PersistentLevel.ThirdPersonExampleMap'
[2017.12.18-13.58.09:953][556]LogTemp: Repeting last play command: Selected Viewport
[2017.12.18-13.58.09:972][556]LogBlueprintUserMessages: Early PlayInEditor Detection: Level '/Game/ThirdPersonBP/Maps/ThirdPersonExampleMap.ThirdPersonExampleMap:PersistentLevel' has LevelScriptBlueprint '/Game/ThirdPersonBP/Maps/ThirdPersonExampleMap.ThirdPersonExampleMap:PersistentLevel.ThirdPersonExampleMap' with GeneratedClass '/Game/ThirdPersonBP/Maps/ThirdPersonExampleMap.ThirdPersonExampleMap_C' with ClassGeneratedBy '/Game/ThirdPersonBP/Maps/ThirdPersonExampleMap.ThirdPersonExampleMap:PersistentLevel.ThirdPersonExampleMap'
[2017.12.18-13.58.09:972][556]LogPlayLevel: PlayLevel: No blueprints needed recompiling
[2017.12.18-13.58.09:972][556]PIE: New page: PIE session: ThirdPersonExampleMap (Dec 18, 2017, 3:58:09 PM)
[2017.12.18-13.58.09:973][556]LogPlayLevel: Creating play world package: /Game/ThirdPersonBP/Maps/UEDPIE_0_ThirdPersonExampleMap
[2017.12.18-13.58.09:990][556]LogPlayLevel: PIE: StaticDuplicateObject took: (0.017366s)
[2017.12.18-13.58.09:991][556]LogAIModule: Creating AISystem for world ThirdPersonExampleMap
[2017.12.18-13.58.09:991][556]LogPlayLevel: PIE: World Init took: (0.001088s)
[2017.12.18-13.58.09:991][556]LogPlayLevel: PIE: Created PIE world by copying editor world from /Game/ThirdPersonBP/Maps/ThirdPersonExampleMap.ThirdPersonExampleMap to /Game/ThirdPersonBP/Maps/UEDPIE_0_ThirdPersonExampleMap.ThirdPersonExampleMap (0.018765s)
[2017.12.18-13.58.10:046][556]LogInit: XAudio2 using 'Altavoces (Yeti Stereo Microphone)' : 2 channels at 48 kHz using 16 bits per sample (channel mask 0x3)
[2017.12.18-13.58.10:058][556]LogInit: FAudioDevice initialized.
[2017.12.18-13.58.10:104][556]LogLoad: Game class is 'ThirdPersonGameMode_C'
[2017.12.18-13.58.10:108][556]LogWorld: Bringing World /Game/ThirdPersonBP/Maps/UEDPIE_0_ThirdPersonExampleMap.ThirdPersonExampleMap up for play (max tick rate 0) at 2017.12.18-14.58.10
[2017.12.18-13.58.10:108][556]LogWorld: Bringing up level for play took: 0.002628
[2017.12.18-13.58.10:115][556]PIE: Info Play in editor start time for /Game/ThirdPersonBP/Maps/UEDPIE_0_ThirdPersonExampleMap 1.096
[2017.12.18-13.58.10:115][556]LogBlueprintUserMessages: Late PlayInEditor Detection: Level '/Game/ThirdPersonBP/Maps/ThirdPersonExampleMap.ThirdPersonExampleMap:PersistentLevel' has LevelScriptBlueprint '/Game/ThirdPersonBP/Maps/ThirdPersonExampleMap.ThirdPersonExampleMap:PersistentLevel.ThirdPersonExampleMap' with GeneratedClass '/Game/ThirdPersonBP/Maps/ThirdPersonExampleMap.ThirdPersonExampleMap_C' with ClassGeneratedBy '/Game/ThirdPersonBP/Maps/ThirdPersonExampleMap.ThirdPersonExampleMap:PersistentLevel.ThirdPersonExampleMap'
[2017.12.18-13.58.16:215][885]LogBlueprintUserMessages: Early EndPlayMap Detection: Level '/Game/ThirdPersonBP/Maps/ThirdPersonExampleMap.ThirdPersonExampleMap:PersistentLevel' has LevelScriptBlueprint '/Game/ThirdPersonBP/Maps/ThirdPersonExampleMap.ThirdPersonExampleMap:PersistentLevel.ThirdPersonExampleMap' with GeneratedClass '/Game/ThirdPersonBP/Maps/ThirdPersonExampleMap.ThirdPersonExampleMap_C' with ClassGeneratedBy '/Game/ThirdPersonBP/Maps/ThirdPersonExampleMap.ThirdPersonExampleMap:PersistentLevel.ThirdPersonExampleMap'
[2017.12.18-13.58.16:322][885]LogBlueprintUserMessages: Late EndPlayMap Detection: Level '/Game/ThirdPersonBP/Maps/ThirdPersonExampleMap.ThirdPersonExampleMap:PersistentLevel' has LevelScriptBlueprint '/Game/ThirdPersonBP/Maps/ThirdPersonExampleMap.ThirdPersonExampleMap:PersistentLevel.ThirdPersonExampleMap' with GeneratedClass '/Game/ThirdPersonBP/Maps/ThirdPersonExampleMap.ThirdPersonExampleMap_C' with ClassGeneratedBy '/Game/ThirdPersonBP/Maps/ThirdPersonExampleMap.ThirdPersonExampleMap:PersistentLevel.ThirdPersonExampleMap'
[2017.12.18-13.59.27:628][266]LogTemp: Repeting last play command: Selected Viewport
[2017.12.18-13.59.27:647][266]LogBlueprintUserMessages: Early PlayInEditor Detection: Level '/Game/ThirdPersonBP/Maps/ThirdPersonExampleMap.ThirdPersonExampleMap:PersistentLevel' has LevelScriptBlueprint '/Game/ThirdPersonBP/Maps/ThirdPersonExampleMap.ThirdPersonExampleMap:PersistentLevel.ThirdPersonExampleMap' with GeneratedClass '/Game/ThirdPersonBP/Maps/ThirdPersonExampleMap.ThirdPersonExampleMap_C' with ClassGeneratedBy '/Game/ThirdPersonBP/Maps/ThirdPersonExampleMap.ThirdPersonExampleMap:PersistentLevel.ThirdPersonExampleMap'
[2017.12.18-13.59.27:647][266]BlueprintLog: New page: Pre-Play auto-recompile
[2017.12.18-13.59.27:647][266]LogPlayLevel: [PlayLevel] Compiling ThirdPersonCharacter before play...
[2017.12.18-13.59.27:868][266]LogPlayLevel: PlayLevel: Blueprint regeneration took 221 ms (1 blueprints)
[2017.12.18-13.59.27:868][266]PIE: New page: PIE session: ThirdPersonExampleMap (Dec 18, 2017, 3:59:27 PM)
[2017.12.18-13.59.27:868][266]LogPlayLevel: Creating play world package: /Game/ThirdPersonBP/Maps/UEDPIE_0_ThirdPersonExampleMap
[2017.12.18-13.59.27:888][266]LogPlayLevel: PIE: StaticDuplicateObject took: (0.019232s)
[2017.12.18-13.59.27:888][266]LogAIModule: Creating AISystem for world ThirdPersonExampleMap
[2017.12.18-13.59.27:889][266]LogPlayLevel: PIE: World Init took: (0.000975s)
[2017.12.18-13.59.27:889][266]LogPlayLevel: PIE: Created PIE world by copying editor world from /Game/ThirdPersonBP/Maps/ThirdPersonExampleMap.ThirdPersonExampleMap to /Game/ThirdPersonBP/Maps/UEDPIE_0_ThirdPersonExampleMap.ThirdPersonExampleMap (0.020459s)
[2017.12.18-13.59.27:937][266]LogInit: XAudio2 using 'Altavoces (Yeti Stereo Microphone)' : 2 channels at 48 kHz using 16 bits per sample (channel mask 0x3)
[2017.12.18-13.59.27:946][266]LogInit: FAudioDevice initialized.
[2017.12.18-13.59.27:989][266]LogLoad: Game class is 'ThirdPersonGameMode_C'
[2017.12.18-13.59.27:992][266]LogWorld: Bringing World /Game/ThirdPersonBP/Maps/UEDPIE_0_ThirdPersonExampleMap.ThirdPersonExampleMap up for play (max tick rate 0) at 2017.12.18-14.59.27
[2017.12.18-13.59.27:992][266]LogWorld: Bringing up level for play took: 0.002341
[2017.12.18-13.59.27:999][266]PIE: Info Play in editor start time for /Game/ThirdPersonBP/Maps/UEDPIE_0_ThirdPersonExampleMap 0.981
[2017.12.18-13.59.28:000][266]LogBlueprintUserMessages: Late PlayInEditor Detection: Level '/Game/ThirdPersonBP/Maps/ThirdPersonExampleMap.ThirdPersonExampleMap:PersistentLevel' has LevelScriptBlueprint '/Game/ThirdPersonBP/Maps/ThirdPersonExampleMap.ThirdPersonExampleMap:PersistentLevel.ThirdPersonExampleMap' with GeneratedClass '/Game/ThirdPersonBP/Maps/ThirdPersonExampleMap.ThirdPersonExampleMap_C' with ClassGeneratedBy '/Game/ThirdPersonBP/Maps/ThirdPersonExampleMap.ThirdPersonExampleMap:PersistentLevel.ThirdPersonExampleMap'
[2017.12.18-13.59.42:872][776]LogSpawn:Warning: SpawnActor failed because of collision at the spawn location [X=-373.689 Y=665.309 Z=286.341] for [Projectile_C]
[2017.12.18-13.59.43:056][795]LogSpawn:Warning: SpawnActor failed because of collision at the spawn location [X=-373.689 Y=665.309 Z=286.341] for [Projectile_C]
[2017.12.18-13.59.43:219][812]LogSpawn:Warning: SpawnActor failed because of collision at the spawn location [X=-373.661 Y=665.557 Z=286.341] for [Projectile_C]
[2017.12.18-13.59.46:171][110]LogBlueprintUserMessages: Early EndPlayMap Detection: Level '/Game/ThirdPersonBP/Maps/ThirdPersonExampleMap.ThirdPersonExampleMap:PersistentLevel' has LevelScriptBlueprint '/Game/ThirdPersonBP/Maps/ThirdPersonExampleMap.ThirdPersonExampleMap:PersistentLevel.ThirdPersonExampleMap' with GeneratedClass '/Game/ThirdPersonBP/Maps/ThirdPersonExampleMap.ThirdPersonExampleMap_C' with ClassGeneratedBy '/Game/ThirdPersonBP/Maps/ThirdPersonExampleMap.ThirdPersonExampleMap:PersistentLevel.ThirdPersonExampleMap'
[2017.12.18-13.59.46:281][110]LogBlueprintUserMessages: Late EndPlayMap Detection: Level '/Game/ThirdPersonBP/Maps/ThirdPersonExampleMap.ThirdPersonExampleMap:PersistentLevel' has LevelScriptBlueprint '/Game/ThirdPersonBP/Maps/ThirdPersonExampleMap.ThirdPersonExampleMap:PersistentLevel.ThirdPersonExampleMap' with GeneratedClass '/Game/ThirdPersonBP/Maps/ThirdPersonExampleMap.ThirdPersonExampleMap_C' with ClassGeneratedBy '/Game/ThirdPersonBP/Maps/ThirdPersonExampleMap.ThirdPersonExampleMap:PersistentLevel.ThirdPersonExampleMap'
[2017.12.18-14.00.03:328][913]LogTemp: Repeting last play command: Selected Viewport
[2017.12.18-14.00.03:345][913]LogBlueprintUserMessages: Early PlayInEditor Detection: Level '/Game/ThirdPersonBP/Maps/ThirdPersonExampleMap.ThirdPersonExampleMap:PersistentLevel' has LevelScriptBlueprint '/Game/ThirdPersonBP/Maps/ThirdPersonExampleMap.ThirdPersonExampleMap:PersistentLevel.ThirdPersonExampleMap' with GeneratedClass '/Game/ThirdPersonBP/Maps/ThirdPersonExampleMap.ThirdPersonExampleMap_C' with ClassGeneratedBy '/Game/ThirdPersonBP/Maps/ThirdPersonExampleMap.ThirdPersonExampleMap:PersistentLevel.ThirdPersonExampleMap'
[2017.12.18-14.00.03:345][913]BlueprintLog: New page: Pre-Play auto-recompile
[2017.12.18-14.00.03:345][913]LogPlayLevel: [PlayLevel] Compiling ThirdPersonCharacter before play...
[2017.12.18-14.00.03:558][913]LogPlayLevel: PlayLevel: Blueprint regeneration took 213 ms (1 blueprints)
[2017.12.18-14.00.03:559][913]PIE: New page: PIE session: ThirdPersonExampleMap (Dec 18, 2017, 4:00:03 PM)
[2017.12.18-14.00.03:559][913]LogPlayLevel: Creating play world package: /Game/ThirdPersonBP/Maps/UEDPIE_0_ThirdPersonExampleMap
[2017.12.18-14.00.03:573][913]LogPlayLevel: PIE: StaticDuplicateObject took: (0.014702s)
[2017.12.18-14.00.03:574][913]LogAIModule: Creating AISystem for world ThirdPersonExampleMap
[2017.12.18-14.00.03:574][913]LogPlayLevel: PIE: World Init took: (0.000886s)
[2017.12.18-14.00.03:574][913]LogPlayLevel: PIE: Created PIE world by copying editor world from /Game/ThirdPersonBP/Maps/ThirdPersonExampleMap.ThirdPersonExampleMap to /Game/ThirdPersonBP/Maps/UEDPIE_0_ThirdPersonExampleMap.ThirdPersonExampleMap (0.015816s)
[2017.12.18-14.00.03:620][913]LogInit: XAudio2 using 'Altavoces (Yeti Stereo Microphone)' : 2 channels at 48 kHz using 16 bits per sample (channel mask 0x3)
[2017.12.18-14.00.03:628][913]LogInit: FAudioDevice initialized.
[2017.12.18-14.00.03:671][913]LogLoad: Game class is 'ThirdPersonGameMode_C'
[2017.12.18-14.00.03:674][913]LogWorld: Bringing World /Game/ThirdPersonBP/Maps/UEDPIE_0_ThirdPersonExampleMap.ThirdPersonExampleMap up for play (max tick rate 0) at 2017.12.18-15.00.03
[2017.12.18-14.00.03:674][913]LogWorld: Bringing up level for play took: 0.002238
[2017.12.18-14.00.03:680][913]PIE: Info Play in editor start time for /Game/ThirdPersonBP/Maps/UEDPIE_0_ThirdPersonExampleMap 0.661
[2017.12.18-14.00.03:680][913]LogBlueprintUserMessages: Late PlayInEditor Detection: Level '/Game/ThirdPersonBP/Maps/ThirdPersonExampleMap.ThirdPersonExampleMap:PersistentLevel' has LevelScriptBlueprint '/Game/ThirdPersonBP/Maps/ThirdPersonExampleMap.ThirdPersonExampleMap:PersistentLevel.ThirdPersonExampleMap' with GeneratedClass '/Game/ThirdPersonBP/Maps/ThirdPersonExampleMap.ThirdPersonExampleMap_C' with ClassGeneratedBy '/Game/ThirdPersonBP/Maps/ThirdPersonExampleMap.ThirdPersonExampleMap:PersistentLevel.ThirdPersonExampleMap'
[2017.12.18-14.00.05:960][156]LogBlueprintUserMessages: Early EndPlayMap Detection: Level '/Game/ThirdPersonBP/Maps/ThirdPersonExampleMap.ThirdPersonExampleMap:PersistentLevel' has LevelScriptBlueprint '/Game/ThirdPersonBP/Maps/ThirdPersonExampleMap.ThirdPersonExampleMap:PersistentLevel.ThirdPersonExampleMap' with GeneratedClass '/Game/ThirdPersonBP/Maps/ThirdPersonExampleMap.ThirdPersonExampleMap_C' with ClassGeneratedBy '/Game/ThirdPersonBP/Maps/ThirdPersonExampleMap.ThirdPersonExampleMap:PersistentLevel.ThirdPersonExampleMap'
[2017.12.18-14.00.06:074][156]LogBlueprintUserMessages: Late EndPlayMap Detection: Level '/Game/ThirdPersonBP/Maps/ThirdPersonExampleMap.ThirdPersonExampleMap:PersistentLevel' has LevelScriptBlueprint '/Game/ThirdPersonBP/Maps/ThirdPersonExampleMap.ThirdPersonExampleMap:PersistentLevel.ThirdPersonExampleMap' with GeneratedClass '/Game/ThirdPersonBP/Maps/ThirdPersonExampleMap.ThirdPersonExampleMap_C' with ClassGeneratedBy '/Game/ThirdPersonBP/Maps/ThirdPersonExampleMap.ThirdPersonExampleMap:PersistentLevel.ThirdPersonExampleMap'
[2017.12.18-14.00.08:261][401]LogEditorTransaction: Undo Create Pin Link
[2017.12.18-14.00.08:743][437]LogEditorTransaction: Undo Delete current selection
[2017.12.18-14.00.12:026][787]LogSavePackage: Save=160.71ms
[2017.12.18-14.00.12:026][787]LogSavePackage: Moving '../../../../../../Users/Roger/Desktop/Repo DraGone/DraGone/Saved/ThirdPersonCharacter96919947487B50DCF6CAF78A54B3326E.tmp' to '../../../../../../Users/Roger/Desktop/Repo DraGone/DraGone/Content/ThirdPersonBP/Blueprints/ThirdPersonCharacter.uasset'
[2017.12.18-14.00.12:036][787]LogSavePackage:Display: Finished SavePackage ../../../../../../Users/Roger/Desktop/Repo DraGone/DraGone/Content/ThirdPersonBP/Blueprints/ThirdPersonCharacter.uasset
[2017.12.18-14.01.08:407][451]LogTemp: Repeting last play command: Selected Viewport
[2017.12.18-14.01.08:425][451]LogBlueprintUserMessages: Early PlayInEditor Detection: Level '/Game/ThirdPersonBP/Maps/ThirdPersonExampleMap.ThirdPersonExampleMap:PersistentLevel' has LevelScriptBlueprint '/Game/ThirdPersonBP/Maps/ThirdPersonExampleMap.ThirdPersonExampleMap:PersistentLevel.ThirdPersonExampleMap' with GeneratedClass '/Game/ThirdPersonBP/Maps/ThirdPersonExampleMap.ThirdPersonExampleMap_C' with ClassGeneratedBy '/Game/ThirdPersonBP/Maps/ThirdPersonExampleMap.ThirdPersonExampleMap:PersistentLevel.ThirdPersonExampleMap'
[2017.12.18-14.01.08:425][451]BlueprintLog: New page: Pre-Play auto-recompile
[2017.12.18-14.01.08:425][451]LogPlayLevel: [PlayLevel] Compiling ThirdPersonCharacter before play...
[2017.12.18-14.01.08:665][451]LogPlayLevel: PlayLevel: Blueprint regeneration took 240 ms (1 blueprints)
[2017.12.18-14.01.08:665][451]PIE: New page: PIE session: ThirdPersonExampleMap (Dec 18, 2017, 4:01:08 PM)
[2017.12.18-14.01.08:665][451]LogPlayLevel: Creating play world package: /Game/ThirdPersonBP/Maps/UEDPIE_0_ThirdPersonExampleMap
[2017.12.18-14.01.08:682][451]LogPlayLevel: PIE: StaticDuplicateObject took: (0.016978s)
[2017.12.18-14.01.08:683][451]LogAIModule: Creating AISystem for world ThirdPersonExampleMap
[2017.12.18-14.01.08:683][451]LogPlayLevel: PIE: World Init took: (0.000943s)
[2017.12.18-14.01.08:684][451]LogPlayLevel: PIE: Created PIE world by copying editor world from /Game/ThirdPersonBP/Maps/ThirdPersonExampleMap.ThirdPersonExampleMap to /Game/ThirdPersonBP/Maps/UEDPIE_0_ThirdPersonExampleMap.ThirdPersonExampleMap (0.018187s)
[2017.12.18-14.01.08:734][451]LogInit: XAudio2 using 'Altavoces (Yeti Stereo Microphone)' : 2 channels at 48 kHz using 16 bits per sample (channel mask 0x3)
[2017.12.18-14.01.08:742][451]LogInit: FAudioDevice initialized.
[2017.12.18-14.01.08:785][451]LogLoad: Game class is 'ThirdPersonGameMode_C'
[2017.12.18-14.01.08:788][451]LogWorld: Bringing World /Game/ThirdPersonBP/Maps/UEDPIE_0_ThirdPersonExampleMap.ThirdPersonExampleMap up for play (max tick rate 0) at 2017.12.18-15.01.08
[2017.12.18-14.01.08:788][451]LogWorld: Bringing up level for play took: 0.002401
[2017.12.18-14.01.08:795][451]PIE: Info Play in editor start time for /Game/ThirdPersonBP/Maps/UEDPIE_0_ThirdPersonExampleMap -0.224
[2017.12.18-14.01.08:795][451]LogBlueprintUserMessages: Late PlayInEditor Detection: Level '/Game/ThirdPersonBP/Maps/ThirdPersonExampleMap.ThirdPersonExampleMap:PersistentLevel' has LevelScriptBlueprint '/Game/ThirdPersonBP/Maps/ThirdPersonExampleMap.ThirdPersonExampleMap:PersistentLevel.ThirdPersonExampleMap' with GeneratedClass '/Game/ThirdPersonBP/Maps/ThirdPersonExampleMap.ThirdPersonExampleMap_C' with ClassGeneratedBy '/Game/ThirdPersonBP/Maps/ThirdPersonExampleMap.ThirdPersonExampleMap:PersistentLevel.ThirdPersonExampleMap'
[2017.12.18-14.01.14:717][993]LogBlueprintUserMessages: Early EndPlayMap Detection: Level '/Game/ThirdPersonBP/Maps/ThirdPersonExampleMap.ThirdPersonExampleMap:PersistentLevel' has LevelScriptBlueprint '/Game/ThirdPersonBP/Maps/ThirdPersonExampleMap.ThirdPersonExampleMap:PersistentLevel.ThirdPersonExampleMap' with GeneratedClass '/Game/ThirdPersonBP/Maps/ThirdPersonExampleMap.ThirdPersonExampleMap_C' with ClassGeneratedBy '/Game/ThirdPersonBP/Maps/ThirdPersonExampleMap.ThirdPersonExampleMap:PersistentLevel.ThirdPersonExampleMap'
[2017.12.18-14.01.14:833][993]LogBlueprintUserMessages: Late EndPlayMap Detection: Level '/Game/ThirdPersonBP/Maps/ThirdPersonExampleMap.ThirdPersonExampleMap:PersistentLevel' has LevelScriptBlueprint '/Game/ThirdPersonBP/Maps/ThirdPersonExampleMap.ThirdPersonExampleMap:PersistentLevel.ThirdPersonExampleMap' with GeneratedClass '/Game/ThirdPersonBP/Maps/ThirdPersonExampleMap.ThirdPersonExampleMap_C' with ClassGeneratedBy '/Game/ThirdPersonBP/Maps/ThirdPersonExampleMap.ThirdPersonExampleMap:PersistentLevel.ThirdPersonExampleMap'
[2017.12.18-14.01.40:162][981]LogTemp: Repeting last play command: Selected Viewport
[2017.12.18-14.01.40:180][981]LogBlueprintUserMessages: Early PlayInEditor Detection: Level '/Game/ThirdPersonBP/Maps/ThirdPersonExampleMap.ThirdPersonExampleMap:PersistentLevel' has LevelScriptBlueprint '/Game/ThirdPersonBP/Maps/ThirdPersonExampleMap.ThirdPersonExampleMap:PersistentLevel.ThirdPersonExampleMap' with GeneratedClass '/Game/ThirdPersonBP/Maps/ThirdPersonExampleMap.ThirdPersonExampleMap_C' with ClassGeneratedBy '/Game/ThirdPersonBP/Maps/ThirdPersonExampleMap.ThirdPersonExampleMap:PersistentLevel.ThirdPersonExampleMap'
[2017.12.18-14.01.40:180][981]BlueprintLog: New page: Pre-Play auto-recompile
[2017.12.18-14.01.40:180][981]LogPlayLevel: [PlayLevel] Compiling ThirdPersonCharacter before play...
[2017.12.18-14.01.40:386][981]LogPlayLevel: PlayLevel: Blueprint regeneration took 205 ms (1 blueprints)
[2017.12.18-14.01.40:386][981]PIE: New page: PIE session: ThirdPersonExampleMap (Dec 18, 2017, 4:01:40 PM)
[2017.12.18-14.01.40:386][981]LogPlayLevel: Creating play world package: /Game/ThirdPersonBP/Maps/UEDPIE_0_ThirdPersonExampleMap
[2017.12.18-14.01.40:401][981]LogPlayLevel: PIE: StaticDuplicateObject took: (0.015070s)
[2017.12.18-14.01.40:402][981]LogAIModule: Creating AISystem for world ThirdPersonExampleMap
[2017.12.18-14.01.40:403][981]LogPlayLevel: PIE: World Init took: (0.001070s)
[2017.12.18-14.01.40:403][981]LogPlayLevel: PIE: Created PIE world by copying editor world from /Game/ThirdPersonBP/Maps/ThirdPersonExampleMap.ThirdPersonExampleMap to /Game/ThirdPersonBP/Maps/UEDPIE_0_ThirdPersonExampleMap.ThirdPersonExampleMap (0.016365s)
[2017.12.18-14.01.40:449][981]LogInit: XAudio2 using 'Altavoces (Yeti Stereo Microphone)' : 2 channels at 48 kHz using 16 bits per sample (channel mask 0x3)
[2017.12.18-14.01.40:460][981]LogInit: FAudioDevice initialized.
[2017.12.18-14.01.40:506][981]LogLoad: Game class is 'ThirdPersonGameMode_C'
[2017.12.18-14.01.40:509][981]LogWorld: Bringing World /Game/ThirdPersonBP/Maps/UEDPIE_0_ThirdPersonExampleMap.ThirdPersonExampleMap up for play (max tick rate 0) at 2017.12.18-15.01.40
[2017.12.18-14.01.40:510][981]LogWorld: Bringing up level for play took: 0.002212
[2017.12.18-14.01.40:517][981]PIE: Info Play in editor start time for /Game/ThirdPersonBP/Maps/UEDPIE_0_ThirdPersonExampleMap -0.501
[2017.12.18-14.01.40:518][981]LogBlueprintUserMessages: Late PlayInEditor Detection: Level '/Game/ThirdPersonBP/Maps/ThirdPersonExampleMap.ThirdPersonExampleMap:PersistentLevel' has LevelScriptBlueprint '/Game/ThirdPersonBP/Maps/ThirdPersonExampleMap.ThirdPersonExampleMap:PersistentLevel.ThirdPersonExampleMap' with GeneratedClass '/Game/ThirdPersonBP/Maps/ThirdPersonExampleMap.ThirdPersonExampleMap_C' with ClassGeneratedBy '/Game/ThirdPersonBP/Maps/ThirdPersonExampleMap.ThirdPersonExampleMap:PersistentLevel.ThirdPersonExampleMap'
[2017.12.18-14.01.42:847][200]LogBlueprintUserMessages: Early EndPlayMap Detection: Level '/Game/ThirdPersonBP/Maps/ThirdPersonExampleMap.ThirdPersonExampleMap:PersistentLevel' has LevelScriptBlueprint '/Game/ThirdPersonBP/Maps/ThirdPersonExampleMap.ThirdPersonExampleMap:PersistentLevel.ThirdPersonExampleMap' with GeneratedClass '/Game/ThirdPersonBP/Maps/ThirdPersonExampleMap.ThirdPersonExampleMap_C' with ClassGeneratedBy '/Game/ThirdPersonBP/Maps/ThirdPersonExampleMap.ThirdPersonExampleMap:PersistentLevel.ThirdPersonExampleMap'
[2017.12.18-14.01.42:951][200]LogBlueprintUserMessages: Late EndPlayMap Detection: Level '/Game/ThirdPersonBP/Maps/ThirdPersonExampleMap.ThirdPersonExampleMap:PersistentLevel' has LevelScriptBlueprint '/Game/ThirdPersonBP/Maps/ThirdPersonExampleMap.ThirdPersonExampleMap:PersistentLevel.ThirdPersonExampleMap' with GeneratedClass '/Game/ThirdPersonBP/Maps/ThirdPersonExampleMap.ThirdPersonExampleMap_C' with ClassGeneratedBy '/Game/ThirdPersonBP/Maps/ThirdPersonExampleMap.ThirdPersonExampleMap:PersistentLevel.ThirdPersonExampleMap'
[2017.12.18-14.01.45:139][419]LogSavePackage: Save=161.72ms
[2017.12.18-14.01.45:139][419]LogSavePackage: Moving '../../../../../../Users/Roger/Desktop/Repo DraGone/DraGone/Saved/ThirdPersonCharacter6812B7474B4093D1CA337DB6B760F243.tmp' to '../../../../../../Users/Roger/Desktop/Repo DraGone/DraGone/Content/ThirdPersonBP/Blueprints/ThirdPersonCharacter.uasset'
[2017.12.18-14.01.45:149][419]LogSavePackage:Display: Finished SavePackage ../../../../../../Users/Roger/Desktop/Repo DraGone/DraGone/Content/ThirdPersonBP/Blueprints/ThirdPersonCharacter.uasset
